d:\ak@dev42\kwikscaf2018\kwikscaf2007\x64\debug\kwikscaf2018.pch
d:\ak@dev42\kwikscaf2018\kwikscaf2007\x64\debug\vc140.pdb
d:\ak@dev42\kwikscaf2018\kwikscaf2007\x64\debug\vc140.idb
d:\ak@dev42\kwikscaf2018\kwikscaf2007\x64\debug\stdafx.obj
d:\ak@dev42\kwikscaf2018\kwikscaf2007\x64\debug\millssystembayeditor.obj
d:\ak@dev42\kwikscaf2018\kwikscaf2007\x64\debug\msgboxdlg.obj
d:\ak@dev42\kwikscaf2018\kwikscaf2007\x64\debug\objectposition.obj
d:\ak@dev42\kwikscaf2018\kwikscaf2007\x64\debug\perrolldialog.obj
d:\ak@dev42\kwikscaf2018\kwikscaf2007\x64\debug\previewtemplate.obj
d:\ak@dev42\kwikscaf2018\kwikscaf2007\x64\debug\printerjob.obj
d:\ak@dev42\kwikscaf2018\kwikscaf2007\x64\debug\printstatus.obj
d:\ak@dev42\kwikscaf2018\kwikscaf2007\x64\debug\run.obj
d:\ak@dev42\kwikscaf2018\kwikscaf2007\x64\debug\runpropdialog.obj
d:\ak@dev42\kwikscaf2018\kwikscaf2007\x64\debug\scaffoldarchive.obj
d:\ak@dev42\kwikscaf2018\kwikscaf2007\x64\debug\setstagesdlg.obj
d:\ak@dev42\kwikscaf2018\kwikscaf2007\x64\debug\shkinterface.obj
d:\ak@dev42\kwikscaf2018\kwikscaf2007\x64\debug\showcomponenttypedialog.obj
d:\ak@dev42\kwikscaf2018\kwikscaf2007\x64\debug\stagelevelshowhidedlg.obj
d:\ak@dev42\kwikscaf2018\kwikscaf2007\x64\debug\stagelevelvisible.obj
d:\ak@dev42\kwikscaf2018\kwikscaf2007\x64\debug\standardheightpickerdialog.obj
d:\ak@dev42\kwikscaf2018\kwikscaf2007\x64\debug\stocklistelement.obj
d:\ak@dev42\kwikscaf2018\kwikscaf2007\x64\debug\summaryelement.obj
d:\ak@dev42\kwikscaf2018\kwikscaf2007\x64\debug\summaryinfo.obj
d:\ak@dev42\kwikscaf2018\kwikscaf2007\x64\debug\visualcomponents.obj
d:\ak@dev42\kwikscaf2018\kwikscaf2007\x64\debug\kwikscaf2007.obj
d:\ak@dev42\kwikscaf2018\kwikscaf2007\x64\debug\kwikscafbutton.obj
d:\ak@dev42\kwikscaf2018\kwikscaf2007\x64\debug\kwikscafcolours.obj
d:\ak@dev42\kwikscaf2018\kwikscaf2007\x64\debug\kwikscafcomponenteditor.obj
d:\ak@dev42\kwikscaf2018\kwikscaf2007\x64\debug\kwikscafdialog.obj
d:\ak@dev42\kwikscaf2018\kwikscaf2007\x64\debug\kwikscaflicensing.obj
d:\ak@dev42\kwikscaf2018\kwikscaf2007\x64\debug\kwikscafprogressdlg.obj
d:\ak@dev42\kwikscaf2018\kwikscaf2007\x64\debug\lapboardbay.obj
d:\ak@dev42\kwikscaf2018\kwikscaf2007\x64\debug\levellist.obj
d:\ak@dev42\kwikscaf2018\kwikscaf2007\x64\debug\lift.obj
d:\ak@dev42\kwikscaf2018\kwikscaf2007\x64\debug\liftdetailsdialog.obj
d:\ak@dev42\kwikscaf2018\kwikscaf2007\x64\debug\liftlist.obj
d:\ak@dev42\kwikscaf2018\kwikscaf2007\x64\debug\line.obj
d:\ak@dev42\kwikscaf2018\kwikscaf2007\x64\debug\listctrlprint.obj
d:\ak@dev42\kwikscaf2018\kwikscaf2007\x64\debug\listprintpage1.obj
d:\ak@dev42\kwikscaf2018\kwikscaf2007\x64\debug\listprintpage2.obj
d:\ak@dev42\kwikscaf2018\kwikscaf2007\x64\debug\listprintsetup.obj
d:\ak@dev42\kwikscaf2018\kwikscaf2007\x64\debug\matrix.obj
d:\ak@dev42\kwikscaf2018\kwikscaf2007\x64\debug\matrixelement.obj
d:\ak@dev42\kwikscaf2018\kwikscaf2007\x64\debug\mdiaware.obj
d:\ak@dev42\kwikscaf2018\kwikscaf2007\x64\debug\componentlist.obj
d:\ak@dev42\kwikscaf2018\kwikscaf2007\x64\debug\componentpartnumberselectordlg.obj
d:\ak@dev42\kwikscaf2018\kwikscaf2007\x64\debug\controller.obj
d:\ak@dev42\kwikscaf2018\kwikscaf2007\x64\debug\coolbutton.obj
d:\ak@dev42\kwikscaf2018\kwikscaf2007\x64\debug\docdata.obj
d:\ak@dev42\kwikscaf2018\kwikscaf2007\x64\debug\doublearray.obj
d:\ak@dev42\kwikscaf2018\kwikscaf2007\x64\debug\editstandardsdlg.obj
d:\ak@dev42\kwikscaf2018\kwikscaf2007\x64\debug\encryption.obj
d:\ak@dev42\kwikscaf2018\kwikscaf2007\x64\debug\entity.obj
d:\ak@dev42\kwikscaf2018\kwikscaf2007\x64\debug\entitydebugger.obj
d:\ak@dev42\kwikscaf2018\kwikscaf2007\x64\debug\entityreactor.obj
d:\ak@dev42\kwikscaf2018\kwikscaf2007\x64\debug\fontcombo.obj
d:\ak@dev42\kwikscaf2018\kwikscaf2007\x64\debug\freetietube.obj
d:\ak@dev42\kwikscaf2018\kwikscaf2007\x64\debug\graphictypes.obj
d:\ak@dev42\kwikscaf2018\kwikscaf2007\x64\debug\helpaboutdlg.obj
d:\ak@dev42\kwikscaf2018\kwikscaf2007\x64\debug\inireader.obj
d:\ak@dev42\kwikscaf2018\kwikscaf2007\x64\debug\jobdescriptioninfo.obj
d:\ak@dev42\kwikscaf2018\kwikscaf2007\x64\debug\jobdetailsdialog.obj
d:\ak@dev42\kwikscaf2018\kwikscaf2007\x64\debug\keyencryption.obj
d:\ak@dev42\kwikscaf2018\kwikscaf2007\x64\debug\kwik3dpolygonmesh.obj
d:\ak@dev42\kwikscaf2018\kwikscaf2007\x64\debug\acrxentrypoint.obj
d:\ak@dev42\kwikscaf2018\kwikscaf2007\x64\debug\assignstagedialog.obj
d:\ak@dev42\kwikscaf2018\kwikscaf2007\x64\debug\autobuilddialog.obj
d:\ak@dev42\kwikscaf2018\kwikscaf2007\x64\debug\autobuildpropertiestoolbar.obj
d:\ak@dev42\kwikscaf2018\kwikscaf2007\x64\debug\autobuildpropertieswnd.obj
d:\ak@dev42\kwikscaf2018\kwikscaf2007\x64\debug\autobuildtoolbar.obj
d:\ak@dev42\kwikscaf2018\kwikscaf2007\x64\debug\autobuildtools.obj
d:\ak@dev42\kwikscaf2018\kwikscaf2007\x64\debug\bay.obj
d:\ak@dev42\kwikscaf2018\kwikscaf2007\x64\debug\baydetailsdialog.obj
d:\ak@dev42\kwikscaf2018\kwikscaf2007\x64\debug\baypropertiestoolbar.obj
d:\ak@dev42\kwikscaf2018\kwikscaf2007\x64\debug\bayproptoolbarwnd.obj
d:\ak@dev42\kwikscaf2018\kwikscaf2007\x64\debug\baystagelevel.obj
d:\ak@dev42\kwikscaf2018\kwikscaf2007\x64\debug\bomextra.obj
d:\ak@dev42\kwikscaf2018\kwikscaf2007\x64\debug\bomselectiondialog.obj
d:\ak@dev42\kwikscaf2018\kwikscaf2007\x64\debug\bomsummarydialog.obj
d:\ak@dev42\kwikscaf2018\kwikscaf2007\x64\debug\changerldlg.obj
d:\ak@dev42\kwikscaf2018\kwikscaf2007\x64\debug\component.obj
d:\ak@dev42\kwikscaf2018\kwikscaf2007\x64\debug\componentdetails.obj
d:\ak@dev42\kwikscaf2018\kwikscaf2007\x64\debug\componenteditor.obj
d:\ak@dev42\kwikscaf2018\x64\debug\kwikscaf2018.lib
d:\ak@dev42\kwikscaf2018\x64\debug\kwikscaf2018.exp
d:\ak@dev42\kwikscaf2018\x64\debug\kwikscaf2018.pdb
d:\ak@dev42\kwikscaf2018\kwikscaf2007\x64\debug\kwikscaf2007.res
d:\ak@dev42\kwikscaf2018\kwikscaf2007\x64\debug\kwikscaf2018.tlog\cl.command.1.tlog
d:\ak@dev42\kwikscaf2018\kwikscaf2007\x64\debug\kwikscaf2018.tlog\cl.read.1.tlog
d:\ak@dev42\kwikscaf2018\kwikscaf2007\x64\debug\kwikscaf2018.tlog\cl.write.1.tlog
d:\ak@dev42\kwikscaf2018\kwikscaf2007\x64\debug\kwikscaf2018.tlog\kwikscaf2018.write.1u.tlog
d:\ak@dev42\kwikscaf2018\kwikscaf2007\x64\debug\kwikscaf2018.tlog\link.command.1.tlog
d:\ak@dev42\kwikscaf2018\kwikscaf2007\x64\debug\kwikscaf2018.tlog\link.read.1.tlog
d:\ak@dev42\kwikscaf2018\kwikscaf2007\x64\debug\kwikscaf2018.tlog\link.write.1.tlog
d:\ak@dev42\kwikscaf2018\kwikscaf2007\x64\debug\kwikscaf2018.tlog\rc.command.1.tlog
d:\ak@dev42\kwikscaf2018\kwikscaf2007\x64\debug\kwikscaf2018.tlog\rc.read.1.tlog
d:\ak@dev42\kwikscaf2018\kwikscaf2007\x64\debug\kwikscaf2018.tlog\rc.write.1.tlog
