C:\Program Files (x86)\MSBuild\Microsoft.Cpp\v4.0\V140\Microsoft.CppBuild.targets(392,5): warning MSB8028: The intermediate directory (Win32\Debug\) contains files shared from another project (KwikScaf2013.vcxproj).  This can lead to incorrect clean and rebuild behavior.
  AssignStageDialog.cpp
  Generating Code...
  Skipping... (no relevant changes detected)
  controller.cpp
  componentList.cpp
  acrxEntryPoint.cpp
  VisualComponents.cpp
  StockListElement.cpp
  StageLevelVisible.cpp
  StageLevelShowHideDlg.cpp
  SetStagesDlg.cpp
  ScaffoldArchive.cpp
  RunPropDialog.cpp
  Run.cpp
  PreviewTemplate.cpp
  PerRollDialog.cpp
  MdiAware.cpp
  MatrixElement.cpp
  Matrix.cpp
  LiftList.cpp
  Lift.cpp
  LapboardBay.cpp
  KwikScafComponentEditor.cpp
  JobDetailsDialog.cpp
  EntityReactor.cpp
  EntityDebugger.cpp
  Entity.cpp
  EditStandardsDlg.cpp
  ComponentPartNumberSelectorDlg.cpp
  ComponentEditor.cpp
  ComponentDetails.cpp
  Component.cpp
  BayStageLevel.cpp
  BayDetailsDialog.cpp
  Bay.cpp
  BOMSummaryDialog.cpp
  BOMExtra.cpp
  AutobuildDialog.cpp
  AutoBuildTools.cpp
C:\Program Files (x86)\MSBuild\Microsoft.Cpp\v4.0\V140\Microsoft.CppBuild.targets(1189,5): warning MSB8012: TargetPath(E:\AK_DEV26\KwikScaf\Win32\Debug\KwikScaf2018.dll) does not match the Linker's OutputFile property value (E:\AK_DEV26\KwikScaf\Win32\Debug\KwikScaf2018.arx). This may cause your project to build incorrectly. To correct this, please make sure that $(OutDir), $(TargetName) and $(TargetExt) property values match the value specified in %(Link.OutputFile).
C:\Program Files (x86)\MSBuild\Microsoft.Cpp\v4.0\V140\Microsoft.CppBuild.targets(1190,5): warning MSB8012: TargetExt(.dll) does not match the Linker's OutputFile property value (.arx). This may cause your project to build incorrectly. To correct this, please make sure that $(OutDir), $(TargetName) and $(TargetExt) property values match the value specified in %(Link.OutputFile).
  KwikScaf2007.vcxproj -> E:\AK_DEV26\KwikScaf\Win32\Debug\KwikScaf2018.dll
  KwikScaf2007.vcxproj -> E:\AK_DEV26\KwikScaf\Win32\Debug\KwikScaf2007.pdb (Full PDB)
