D:\2013\Projects\Kwikscaf [PRJ_CAE 209-093]\KwikScaf2014-06-12-2013\64Bit\KwikScaf2014-29-10-2013\KwikScaf2007\x64\Release\acrxEntryPoint.obj
D:\2013\Projects\Kwikscaf [PRJ_CAE 209-093]\KwikScaf2014-06-12-2013\64Bit\KwikScaf2014-29-10-2013\KwikScaf2007\x64\Release\AssignStageDialog.obj
D:\2013\Projects\Kwikscaf [PRJ_CAE 209-093]\KwikScaf2014-06-12-2013\64Bit\KwikScaf2014-29-10-2013\KwikScaf2007\x64\Release\AutobuildDialog.obj
D:\2013\Projects\Kwikscaf [PRJ_CAE 209-093]\KwikScaf2014-06-12-2013\64Bit\KwikScaf2014-29-10-2013\KwikScaf2007\x64\Release\AutobuildPropertiesToolbar.obj
D:\2013\Projects\Kwikscaf [PRJ_CAE 209-093]\KwikScaf2014-06-12-2013\64Bit\KwikScaf2014-29-10-2013\KwikScaf2007\x64\Release\AutobuildPropertiesWnd.obj
D:\2013\Projects\Kwikscaf [PRJ_CAE 209-093]\KwikScaf2014-06-12-2013\64Bit\KwikScaf2014-29-10-2013\KwikScaf2007\x64\Release\AutobuildToolbar.obj
D:\2013\Projects\Kwikscaf [PRJ_CAE 209-093]\KwikScaf2014-06-12-2013\64Bit\KwikScaf2014-29-10-2013\KwikScaf2007\x64\Release\AutoBuildTools.obj
D:\2013\Projects\Kwikscaf [PRJ_CAE 209-093]\KwikScaf2014-06-12-2013\64Bit\KwikScaf2014-29-10-2013\KwikScaf2007\x64\Release\Bay.obj
D:\2013\Projects\Kwikscaf [PRJ_CAE 209-093]\KwikScaf2014-06-12-2013\64Bit\KwikScaf2014-29-10-2013\KwikScaf2007\x64\Release\BayDetailsDialog.obj
D:\2013\Projects\Kwikscaf [PRJ_CAE 209-093]\KwikScaf2014-06-12-2013\64Bit\KwikScaf2014-29-10-2013\KwikScaf2007\x64\Release\BayPropertiesToolbar.obj
D:\2013\Projects\Kwikscaf [PRJ_CAE 209-093]\KwikScaf2014-06-12-2013\64Bit\KwikScaf2014-29-10-2013\KwikScaf2007\x64\Release\BayPropToolbarWnd.obj
D:\2013\Projects\Kwikscaf [PRJ_CAE 209-093]\KwikScaf2014-06-12-2013\64Bit\KwikScaf2014-29-10-2013\KwikScaf2007\x64\Release\BayStageLevel.obj
D:\2013\Projects\Kwikscaf [PRJ_CAE 209-093]\KwikScaf2014-06-12-2013\64Bit\KwikScaf2014-29-10-2013\KwikScaf2007\x64\Release\BOMExtra.obj
D:\2013\Projects\Kwikscaf [PRJ_CAE 209-093]\KwikScaf2014-06-12-2013\64Bit\KwikScaf2014-29-10-2013\KwikScaf2007\x64\Release\BOMSelectionDialog.obj
D:\2013\Projects\Kwikscaf [PRJ_CAE 209-093]\KwikScaf2014-06-12-2013\64Bit\KwikScaf2014-29-10-2013\KwikScaf2007\x64\Release\BOMSummaryDialog.obj
D:\2013\Projects\Kwikscaf [PRJ_CAE 209-093]\KwikScaf2014-06-12-2013\64Bit\KwikScaf2014-29-10-2013\KwikScaf2007\x64\Release\ChangeRLDlg.obj
D:\2013\Projects\Kwikscaf [PRJ_CAE 209-093]\KwikScaf2014-06-12-2013\64Bit\KwikScaf2014-29-10-2013\KwikScaf2007\x64\Release\cl.command.1.tlog
D:\2013\Projects\Kwikscaf [PRJ_CAE 209-093]\KwikScaf2014-06-12-2013\64Bit\KwikScaf2014-29-10-2013\KwikScaf2007\x64\Release\CL.read.1.tlog
D:\2013\Projects\Kwikscaf [PRJ_CAE 209-093]\KwikScaf2014-06-12-2013\64Bit\KwikScaf2014-29-10-2013\KwikScaf2007\x64\Release\CL.write.1.tlog
D:\2013\Projects\Kwikscaf [PRJ_CAE 209-093]\KwikScaf2014-06-12-2013\64Bit\KwikScaf2014-29-10-2013\KwikScaf2007\x64\Release\Component.obj
D:\2013\Projects\Kwikscaf [PRJ_CAE 209-093]\KwikScaf2014-06-12-2013\64Bit\KwikScaf2014-29-10-2013\KwikScaf2007\x64\Release\ComponentDetails.obj
D:\2013\Projects\Kwikscaf [PRJ_CAE 209-093]\KwikScaf2014-06-12-2013\64Bit\KwikScaf2014-29-10-2013\KwikScaf2007\x64\Release\ComponentEditor.obj
D:\2013\Projects\Kwikscaf [PRJ_CAE 209-093]\KwikScaf2014-06-12-2013\64Bit\KwikScaf2014-29-10-2013\KwikScaf2007\x64\Release\componentList.obj
D:\2013\Projects\Kwikscaf [PRJ_CAE 209-093]\KwikScaf2014-06-12-2013\64Bit\KwikScaf2014-29-10-2013\KwikScaf2007\x64\Release\ComponentPartNumberSelectorDlg.obj
D:\2013\Projects\Kwikscaf [PRJ_CAE 209-093]\KwikScaf2014-06-12-2013\64Bit\KwikScaf2014-29-10-2013\KwikScaf2007\x64\Release\controller.obj
D:\2013\Projects\Kwikscaf [PRJ_CAE 209-093]\KwikScaf2014-06-12-2013\64Bit\KwikScaf2014-29-10-2013\KwikScaf2007\x64\Release\CoolButton.obj
D:\2013\Projects\Kwikscaf [PRJ_CAE 209-093]\KwikScaf2014-06-12-2013\64Bit\KwikScaf2014-29-10-2013\KwikScaf2007\x64\Release\DocData.obj
D:\2013\Projects\Kwikscaf [PRJ_CAE 209-093]\KwikScaf2014-06-12-2013\64Bit\KwikScaf2014-29-10-2013\KwikScaf2007\x64\Release\doubleArray.obj
D:\2013\Projects\Kwikscaf [PRJ_CAE 209-093]\KwikScaf2014-06-12-2013\64Bit\KwikScaf2014-29-10-2013\KwikScaf2007\x64\Release\EditStandardsDlg.obj
D:\2013\Projects\Kwikscaf [PRJ_CAE 209-093]\KwikScaf2014-06-12-2013\64Bit\KwikScaf2014-29-10-2013\KwikScaf2007\x64\Release\Entity.obj
D:\2013\Projects\Kwikscaf [PRJ_CAE 209-093]\KwikScaf2014-06-12-2013\64Bit\KwikScaf2014-29-10-2013\KwikScaf2007\x64\Release\EntityDebugger.obj
D:\2013\Projects\Kwikscaf [PRJ_CAE 209-093]\KwikScaf2014-06-12-2013\64Bit\KwikScaf2014-29-10-2013\KwikScaf2007\x64\Release\EntityReactor.obj
D:\2013\Projects\Kwikscaf [PRJ_CAE 209-093]\KwikScaf2014-06-12-2013\64Bit\KwikScaf2014-29-10-2013\KwikScaf2007\x64\Release\FontCombo.obj
D:\2013\Projects\Kwikscaf [PRJ_CAE 209-093]\KwikScaf2014-06-12-2013\64Bit\KwikScaf2014-29-10-2013\KwikScaf2007\x64\Release\FreeTieTube.obj
D:\2013\Projects\Kwikscaf [PRJ_CAE 209-093]\KwikScaf2014-06-12-2013\64Bit\KwikScaf2014-29-10-2013\KwikScaf2007\x64\Release\GraphicTypes.obj
D:\2013\Projects\Kwikscaf [PRJ_CAE 209-093]\KwikScaf2014-06-12-2013\64Bit\KwikScaf2014-29-10-2013\KwikScaf2007\x64\Release\HelpAboutDlg.obj
D:\2013\Projects\Kwikscaf [PRJ_CAE 209-093]\KwikScaf2014-06-12-2013\64Bit\KwikScaf2014-29-10-2013\KwikScaf2007\x64\Release\JobDescriptionInfo.obj
D:\2013\Projects\Kwikscaf [PRJ_CAE 209-093]\KwikScaf2014-06-12-2013\64Bit\KwikScaf2014-29-10-2013\KwikScaf2007\x64\Release\JobDetailsDialog.obj
D:\2013\Projects\Kwikscaf [PRJ_CAE 209-093]\KwikScaf2014-06-12-2013\64Bit\KwikScaf2014-29-10-2013\KwikScaf2007\x64\Release\Kwik3DPolygonMesh.obj
D:\2013\Projects\Kwikscaf [PRJ_CAE 209-093]\KwikScaf2014-06-12-2013\64Bit\KwikScaf2014-29-10-2013\KwikScaf2007\x64\Release\KwikScaf2007.obj
D:\2013\Projects\Kwikscaf [PRJ_CAE 209-093]\KwikScaf2014-06-12-2013\64Bit\KwikScaf2014-29-10-2013\KwikScaf2007\x64\Release\KwikScaf2007.res
D:\2013\Projects\Kwikscaf [PRJ_CAE 209-093]\KwikScaf2014-06-12-2013\64Bit\KwikScaf2014-29-10-2013\KwikScaf2007\x64\Release\KwikScaf2014.arx.embed.manifest
D:\2013\Projects\Kwikscaf [PRJ_CAE 209-093]\KwikScaf2014-06-12-2013\64Bit\KwikScaf2014-29-10-2013\KwikScaf2007\x64\Release\KwikScaf2014.arx.embed.manifest.res
D:\2013\Projects\Kwikscaf [PRJ_CAE 209-093]\KwikScaf2014-06-12-2013\64Bit\KwikScaf2014-29-10-2013\KwikScaf2007\x64\Release\KwikScaf2014.arx.intermediate.manifest
D:\2013\Projects\Kwikscaf [PRJ_CAE 209-093]\KwikScaf2014-06-12-2013\64Bit\KwikScaf2014-29-10-2013\KwikScaf2007\x64\Release\KwikScaf2014.pch
D:\2013\Projects\Kwikscaf [PRJ_CAE 209-093]\KwikScaf2014-06-12-2013\64Bit\KwikScaf2014-29-10-2013\KwikScaf2007\x64\Release\KwikScaf2014.write.1.tlog
D:\2013\Projects\Kwikscaf [PRJ_CAE 209-093]\KwikScaf2014-06-12-2013\64Bit\KwikScaf2014-29-10-2013\KwikScaf2007\x64\Release\KwikScaf2014_manifest.rc
D:\2013\Projects\Kwikscaf [PRJ_CAE 209-093]\KwikScaf2014-06-12-2013\64Bit\KwikScaf2014-29-10-2013\KwikScaf2007\x64\Release\KwikScafButton.obj
D:\2013\Projects\Kwikscaf [PRJ_CAE 209-093]\KwikScaf2014-06-12-2013\64Bit\KwikScaf2014-29-10-2013\KwikScaf2007\x64\Release\KwikScafColours.obj
D:\2013\Projects\Kwikscaf [PRJ_CAE 209-093]\KwikScaf2014-06-12-2013\64Bit\KwikScaf2014-29-10-2013\KwikScaf2007\x64\Release\KwikScafComponentEditor.obj
D:\2013\Projects\Kwikscaf [PRJ_CAE 209-093]\KwikScaf2014-06-12-2013\64Bit\KwikScaf2014-29-10-2013\KwikScaf2007\x64\Release\KwikscafDialog.obj
D:\2013\Projects\Kwikscaf [PRJ_CAE 209-093]\KwikScaf2014-06-12-2013\64Bit\KwikScaf2014-29-10-2013\KwikScaf2007\x64\Release\KwikscafProgressDlg.obj
D:\2013\Projects\Kwikscaf [PRJ_CAE 209-093]\KwikScaf2014-06-12-2013\64Bit\KwikScaf2014-29-10-2013\KwikScaf2007\x64\Release\LapboardBay.obj
D:\2013\Projects\Kwikscaf [PRJ_CAE 209-093]\KwikScaf2014-06-12-2013\64Bit\KwikScaf2014-29-10-2013\KwikScaf2007\x64\Release\LevelList.obj
D:\2013\Projects\Kwikscaf [PRJ_CAE 209-093]\KwikScaf2014-06-12-2013\64Bit\KwikScaf2014-29-10-2013\KwikScaf2007\x64\Release\Lift.obj
D:\2013\Projects\Kwikscaf [PRJ_CAE 209-093]\KwikScaf2014-06-12-2013\64Bit\KwikScaf2014-29-10-2013\KwikScaf2007\x64\Release\LiftDetailsDialog.obj
D:\2013\Projects\Kwikscaf [PRJ_CAE 209-093]\KwikScaf2014-06-12-2013\64Bit\KwikScaf2014-29-10-2013\KwikScaf2007\x64\Release\LiftList.obj
D:\2013\Projects\Kwikscaf [PRJ_CAE 209-093]\KwikScaf2014-06-12-2013\64Bit\KwikScaf2014-29-10-2013\KwikScaf2007\x64\Release\Line.obj
D:\2013\Projects\Kwikscaf [PRJ_CAE 209-093]\KwikScaf2014-06-12-2013\64Bit\KwikScaf2014-29-10-2013\KwikScaf2007\x64\Release\link.command.1.tlog
D:\2013\Projects\Kwikscaf [PRJ_CAE 209-093]\KwikScaf2014-06-12-2013\64Bit\KwikScaf2014-29-10-2013\KwikScaf2007\x64\Release\link.read.1.tlog
D:\2013\Projects\Kwikscaf [PRJ_CAE 209-093]\KwikScaf2014-06-12-2013\64Bit\KwikScaf2014-29-10-2013\KwikScaf2007\x64\Release\link.write.1.tlog
D:\2013\Projects\Kwikscaf [PRJ_CAE 209-093]\KwikScaf2014-06-12-2013\64Bit\KwikScaf2014-29-10-2013\KwikScaf2007\x64\Release\link-cvtres.read.1.tlog
D:\2013\Projects\Kwikscaf [PRJ_CAE 209-093]\KwikScaf2014-06-12-2013\64Bit\KwikScaf2014-29-10-2013\KwikScaf2007\x64\Release\link-cvtres.write.1.tlog
D:\2013\Projects\Kwikscaf [PRJ_CAE 209-093]\KwikScaf2014-06-12-2013\64Bit\KwikScaf2014-29-10-2013\KwikScaf2007\x64\Release\ListCtrlPrint.obj
D:\2013\Projects\Kwikscaf [PRJ_CAE 209-093]\KwikScaf2014-06-12-2013\64Bit\KwikScaf2014-29-10-2013\KwikScaf2007\x64\Release\ListPrintPage1.obj
D:\2013\Projects\Kwikscaf [PRJ_CAE 209-093]\KwikScaf2014-06-12-2013\64Bit\KwikScaf2014-29-10-2013\KwikScaf2007\x64\Release\ListPrintPage2.obj
D:\2013\Projects\Kwikscaf [PRJ_CAE 209-093]\KwikScaf2014-06-12-2013\64Bit\KwikScaf2014-29-10-2013\KwikScaf2007\x64\Release\ListPrintSetup.obj
D:\2013\Projects\Kwikscaf [PRJ_CAE 209-093]\KwikScaf2014-06-12-2013\64Bit\KwikScaf2014-29-10-2013\KwikScaf2007\x64\Release\Matrix.obj
D:\2013\Projects\Kwikscaf [PRJ_CAE 209-093]\KwikScaf2014-06-12-2013\64Bit\KwikScaf2014-29-10-2013\KwikScaf2007\x64\Release\MatrixElement.obj
D:\2013\Projects\Kwikscaf [PRJ_CAE 209-093]\KwikScaf2014-06-12-2013\64Bit\KwikScaf2014-29-10-2013\KwikScaf2007\x64\Release\MdiAware.obj
D:\2013\Projects\Kwikscaf [PRJ_CAE 209-093]\KwikScaf2014-06-12-2013\64Bit\KwikScaf2014-29-10-2013\KwikScaf2007\x64\Release\MillsSystemBayEditor.obj
D:\2013\Projects\Kwikscaf [PRJ_CAE 209-093]\KwikScaf2014-06-12-2013\64Bit\KwikScaf2014-29-10-2013\KwikScaf2007\x64\Release\mt.command.1.tlog
D:\2013\Projects\Kwikscaf [PRJ_CAE 209-093]\KwikScaf2014-06-12-2013\64Bit\KwikScaf2014-29-10-2013\KwikScaf2007\x64\Release\mt.read.1.tlog
D:\2013\Projects\Kwikscaf [PRJ_CAE 209-093]\KwikScaf2014-06-12-2013\64Bit\KwikScaf2014-29-10-2013\KwikScaf2007\x64\Release\mt.write.1.tlog
D:\2013\Projects\Kwikscaf [PRJ_CAE 209-093]\KwikScaf2014-06-12-2013\64Bit\KwikScaf2014-29-10-2013\KwikScaf2007\x64\Release\ObjectPosition.obj
D:\2013\Projects\Kwikscaf [PRJ_CAE 209-093]\KwikScaf2014-06-12-2013\64Bit\KwikScaf2014-29-10-2013\KwikScaf2007\x64\Release\PerRollDialog.obj
D:\2013\Projects\Kwikscaf [PRJ_CAE 209-093]\KwikScaf2014-06-12-2013\64Bit\KwikScaf2014-29-10-2013\KwikScaf2007\x64\Release\PreviewTemplate.obj
D:\2013\Projects\Kwikscaf [PRJ_CAE 209-093]\KwikScaf2014-06-12-2013\64Bit\KwikScaf2014-29-10-2013\KwikScaf2007\x64\Release\PrinterJob.obj
D:\2013\Projects\Kwikscaf [PRJ_CAE 209-093]\KwikScaf2014-06-12-2013\64Bit\KwikScaf2014-29-10-2013\KwikScaf2007\x64\Release\PrintStatus.obj
D:\2013\Projects\Kwikscaf [PRJ_CAE 209-093]\KwikScaf2014-06-12-2013\64Bit\KwikScaf2014-29-10-2013\KwikScaf2007\x64\Release\rc.command.1.tlog
D:\2013\Projects\Kwikscaf [PRJ_CAE 209-093]\KwikScaf2014-06-12-2013\64Bit\KwikScaf2014-29-10-2013\KwikScaf2007\x64\Release\rc.read.1.tlog
D:\2013\Projects\Kwikscaf [PRJ_CAE 209-093]\KwikScaf2014-06-12-2013\64Bit\KwikScaf2014-29-10-2013\KwikScaf2007\x64\Release\rc.write.1.tlog
D:\2013\Projects\Kwikscaf [PRJ_CAE 209-093]\KwikScaf2014-06-12-2013\64Bit\KwikScaf2014-29-10-2013\KwikScaf2007\x64\Release\Run.obj
D:\2013\Projects\Kwikscaf [PRJ_CAE 209-093]\KwikScaf2014-06-12-2013\64Bit\KwikScaf2014-29-10-2013\KwikScaf2007\x64\Release\RunPropDialog.obj
D:\2013\Projects\Kwikscaf [PRJ_CAE 209-093]\KwikScaf2014-06-12-2013\64Bit\KwikScaf2014-29-10-2013\KwikScaf2007\x64\Release\ScaffoldArchive.obj
D:\2013\Projects\Kwikscaf [PRJ_CAE 209-093]\KwikScaf2014-06-12-2013\64Bit\KwikScaf2014-29-10-2013\KwikScaf2007\x64\Release\SetStagesDlg.obj
D:\2013\Projects\Kwikscaf [PRJ_CAE 209-093]\KwikScaf2014-06-12-2013\64Bit\KwikScaf2014-29-10-2013\KwikScaf2007\x64\Release\SHKInterface.obj
D:\2013\Projects\Kwikscaf [PRJ_CAE 209-093]\KwikScaf2014-06-12-2013\64Bit\KwikScaf2014-29-10-2013\KwikScaf2007\x64\Release\ShowComponentTypeDialog.obj
D:\2013\Projects\Kwikscaf [PRJ_CAE 209-093]\KwikScaf2014-06-12-2013\64Bit\KwikScaf2014-29-10-2013\KwikScaf2007\x64\Release\StageLevelShowHideDlg.obj
D:\2013\Projects\Kwikscaf [PRJ_CAE 209-093]\KwikScaf2014-06-12-2013\64Bit\KwikScaf2014-29-10-2013\KwikScaf2007\x64\Release\StageLevelVisible.obj
D:\2013\Projects\Kwikscaf [PRJ_CAE 209-093]\KwikScaf2014-06-12-2013\64Bit\KwikScaf2014-29-10-2013\KwikScaf2007\x64\Release\StandardHeightPickerDialog.obj
D:\2013\Projects\Kwikscaf [PRJ_CAE 209-093]\KwikScaf2014-06-12-2013\64Bit\KwikScaf2014-29-10-2013\KwikScaf2007\x64\Release\StdAfx.obj
D:\2013\Projects\Kwikscaf [PRJ_CAE 209-093]\KwikScaf2014-06-12-2013\64Bit\KwikScaf2014-29-10-2013\KwikScaf2007\x64\Release\StockListElement.obj
D:\2013\Projects\Kwikscaf [PRJ_CAE 209-093]\KwikScaf2014-06-12-2013\64Bit\KwikScaf2014-29-10-2013\KwikScaf2007\x64\Release\SummaryElement.obj
D:\2013\Projects\Kwikscaf [PRJ_CAE 209-093]\KwikScaf2014-06-12-2013\64Bit\KwikScaf2014-29-10-2013\KwikScaf2007\x64\Release\SummaryInfo.obj
D:\2013\Projects\Kwikscaf [PRJ_CAE 209-093]\KwikScaf2014-06-12-2013\64Bit\KwikScaf2014-29-10-2013\KwikScaf2007\x64\Release\VisualComponents.obj
D:\2013\Projects\Kwikscaf [PRJ_CAE 209-093]\KwikScaf2014-06-12-2013\64Bit\KwikScaf2014-29-10-2013\x64\Release\KwikScaf2014.arx
D:\2013\Projects\Kwikscaf [PRJ_CAE 209-093]\KwikScaf2014-06-12-2013\64Bit\KwikScaf2014-29-10-2013\x64\Release\KwikScaf2014.ilk
D:\2013\PROJECTS\KWIKSCAF\KWIKSCAF2014-29-10-2013\64BIT\KWIKSCAF2014-29-10-2013\KWIKSCAF2007\X64\RELEASE\ACRXENTRYPOINT.OBJ
D:\2013\PROJECTS\KWIKSCAF\KWIKSCAF2014-29-10-2013\64BIT\KWIKSCAF2014-29-10-2013\KWIKSCAF2007\X64\RELEASE\ASSIGNSTAGEDIALOG.OBJ
D:\2013\PROJECTS\KWIKSCAF\KWIKSCAF2014-29-10-2013\64BIT\KWIKSCAF2014-29-10-2013\KWIKSCAF2007\X64\RELEASE\AUTOBUILDDIALOG.OBJ
D:\2013\PROJECTS\KWIKSCAF\KWIKSCAF2014-29-10-2013\64BIT\KWIKSCAF2014-29-10-2013\KWIKSCAF2007\X64\RELEASE\AUTOBUILDPROPERTIESTOOLBAR.OBJ
D:\2013\PROJECTS\KWIKSCAF\KWIKSCAF2014-29-10-2013\64BIT\KWIKSCAF2014-29-10-2013\KWIKSCAF2007\X64\RELEASE\AUTOBUILDPROPERTIESWND.OBJ
D:\2013\PROJECTS\KWIKSCAF\KWIKSCAF2014-29-10-2013\64BIT\KWIKSCAF2014-29-10-2013\KWIKSCAF2007\X64\RELEASE\AUTOBUILDTOOLBAR.OBJ
D:\2013\PROJECTS\KWIKSCAF\KWIKSCAF2014-29-10-2013\64BIT\KWIKSCAF2014-29-10-2013\KWIKSCAF2007\X64\RELEASE\AUTOBUILDTOOLS.OBJ
D:\2013\PROJECTS\KWIKSCAF\KWIKSCAF2014-29-10-2013\64BIT\KWIKSCAF2014-29-10-2013\KWIKSCAF2007\X64\RELEASE\BAY.OBJ
D:\2013\PROJECTS\KWIKSCAF\KWIKSCAF2014-29-10-2013\64BIT\KWIKSCAF2014-29-10-2013\KWIKSCAF2007\X64\RELEASE\BAYDETAILSDIALOG.OBJ
D:\2013\PROJECTS\KWIKSCAF\KWIKSCAF2014-29-10-2013\64BIT\KWIKSCAF2014-29-10-2013\KWIKSCAF2007\X64\RELEASE\BAYPROPERTIESTOOLBAR.OBJ
D:\2013\PROJECTS\KWIKSCAF\KWIKSCAF2014-29-10-2013\64BIT\KWIKSCAF2014-29-10-2013\KWIKSCAF2007\X64\RELEASE\BAYPROPTOOLBARWND.OBJ
D:\2013\PROJECTS\KWIKSCAF\KWIKSCAF2014-29-10-2013\64BIT\KWIKSCAF2014-29-10-2013\KWIKSCAF2007\X64\RELEASE\BAYSTAGELEVEL.OBJ
D:\2013\PROJECTS\KWIKSCAF\KWIKSCAF2014-29-10-2013\64BIT\KWIKSCAF2014-29-10-2013\KWIKSCAF2007\X64\RELEASE\BOMEXTRA.OBJ
D:\2013\PROJECTS\KWIKSCAF\KWIKSCAF2014-29-10-2013\64BIT\KWIKSCAF2014-29-10-2013\KWIKSCAF2007\X64\RELEASE\BOMSELECTIONDIALOG.OBJ
D:\2013\PROJECTS\KWIKSCAF\KWIKSCAF2014-29-10-2013\64BIT\KWIKSCAF2014-29-10-2013\KWIKSCAF2007\X64\RELEASE\BOMSUMMARYDIALOG.OBJ
D:\2013\PROJECTS\KWIKSCAF\KWIKSCAF2014-29-10-2013\64BIT\KWIKSCAF2014-29-10-2013\KWIKSCAF2007\X64\RELEASE\CHANGERLDLG.OBJ
D:\2013\PROJECTS\KWIKSCAF\KWIKSCAF2014-29-10-2013\64BIT\KWIKSCAF2014-29-10-2013\KWIKSCAF2007\X64\RELEASE\COMPONENT.OBJ
D:\2013\PROJECTS\KWIKSCAF\KWIKSCAF2014-29-10-2013\64BIT\KWIKSCAF2014-29-10-2013\KWIKSCAF2007\X64\RELEASE\COMPONENTDETAILS.OBJ
D:\2013\PROJECTS\KWIKSCAF\KWIKSCAF2014-29-10-2013\64BIT\KWIKSCAF2014-29-10-2013\KWIKSCAF2007\X64\RELEASE\COMPONENTEDITOR.OBJ
D:\2013\PROJECTS\KWIKSCAF\KWIKSCAF2014-29-10-2013\64BIT\KWIKSCAF2014-29-10-2013\KWIKSCAF2007\X64\RELEASE\COMPONENTLIST.OBJ
D:\2013\PROJECTS\KWIKSCAF\KWIKSCAF2014-29-10-2013\64BIT\KWIKSCAF2014-29-10-2013\KWIKSCAF2007\X64\RELEASE\COMPONENTPARTNUMBERSELECTORDLG.OBJ
D:\2013\PROJECTS\KWIKSCAF\KWIKSCAF2014-29-10-2013\64BIT\KWIKSCAF2014-29-10-2013\KWIKSCAF2007\X64\RELEASE\CONTROLLER.OBJ
D:\2013\PROJECTS\KWIKSCAF\KWIKSCAF2014-29-10-2013\64BIT\KWIKSCAF2014-29-10-2013\KWIKSCAF2007\X64\RELEASE\COOLBUTTON.OBJ
D:\2013\PROJECTS\KWIKSCAF\KWIKSCAF2014-29-10-2013\64BIT\KWIKSCAF2014-29-10-2013\KWIKSCAF2007\X64\RELEASE\DOCDATA.OBJ
D:\2013\PROJECTS\KWIKSCAF\KWIKSCAF2014-29-10-2013\64BIT\KWIKSCAF2014-29-10-2013\KWIKSCAF2007\X64\RELEASE\DOUBLEARRAY.OBJ
D:\2013\PROJECTS\KWIKSCAF\KWIKSCAF2014-29-10-2013\64BIT\KWIKSCAF2014-29-10-2013\KWIKSCAF2007\X64\RELEASE\EDITSTANDARDSDLG.OBJ
D:\2013\PROJECTS\KWIKSCAF\KWIKSCAF2014-29-10-2013\64BIT\KWIKSCAF2014-29-10-2013\KWIKSCAF2007\X64\RELEASE\ENTITY.OBJ
D:\2013\PROJECTS\KWIKSCAF\KWIKSCAF2014-29-10-2013\64BIT\KWIKSCAF2014-29-10-2013\KWIKSCAF2007\X64\RELEASE\ENTITYDEBUGGER.OBJ
D:\2013\PROJECTS\KWIKSCAF\KWIKSCAF2014-29-10-2013\64BIT\KWIKSCAF2014-29-10-2013\KWIKSCAF2007\X64\RELEASE\ENTITYREACTOR.OBJ
D:\2013\PROJECTS\KWIKSCAF\KWIKSCAF2014-29-10-2013\64BIT\KWIKSCAF2014-29-10-2013\KWIKSCAF2007\X64\RELEASE\FONTCOMBO.OBJ
D:\2013\PROJECTS\KWIKSCAF\KWIKSCAF2014-29-10-2013\64BIT\KWIKSCAF2014-29-10-2013\KWIKSCAF2007\X64\RELEASE\FREETIETUBE.OBJ
D:\2013\PROJECTS\KWIKSCAF\KWIKSCAF2014-29-10-2013\64BIT\KWIKSCAF2014-29-10-2013\KWIKSCAF2007\X64\RELEASE\GRAPHICTYPES.OBJ
D:\2013\PROJECTS\KWIKSCAF\KWIKSCAF2014-29-10-2013\64BIT\KWIKSCAF2014-29-10-2013\KWIKSCAF2007\X64\RELEASE\HELPABOUTDLG.OBJ
D:\2013\PROJECTS\KWIKSCAF\KWIKSCAF2014-29-10-2013\64BIT\KWIKSCAF2014-29-10-2013\KWIKSCAF2007\X64\RELEASE\JOBDESCRIPTIONINFO.OBJ
D:\2013\PROJECTS\KWIKSCAF\KWIKSCAF2014-29-10-2013\64BIT\KWIKSCAF2014-29-10-2013\KWIKSCAF2007\X64\RELEASE\JOBDETAILSDIALOG.OBJ
D:\2013\PROJECTS\KWIKSCAF\KWIKSCAF2014-29-10-2013\64BIT\KWIKSCAF2014-29-10-2013\KWIKSCAF2007\X64\RELEASE\KWIK3DPOLYGONMESH.OBJ
D:\2013\PROJECTS\KWIKSCAF\KWIKSCAF2014-29-10-2013\64BIT\KWIKSCAF2014-29-10-2013\KWIKSCAF2007\X64\RELEASE\KWIKSCAF2007.OBJ
D:\2013\PROJECTS\KWIKSCAF\KWIKSCAF2014-29-10-2013\64BIT\KWIKSCAF2014-29-10-2013\KWIKSCAF2007\X64\RELEASE\KWIKSCAF2007.RES
D:\2013\PROJECTS\KWIKSCAF\KWIKSCAF2014-29-10-2013\64BIT\KWIKSCAF2014-29-10-2013\KWIKSCAF2007\X64\RELEASE\KWIKSCAF2014.ARX.EMBED.MANIFEST
D:\2013\PROJECTS\KWIKSCAF\KWIKSCAF2014-29-10-2013\64BIT\KWIKSCAF2014-29-10-2013\KWIKSCAF2007\X64\RELEASE\KWIKSCAF2014.ARX.EMBED.MANIFEST.RES
D:\2013\PROJECTS\KWIKSCAF\KWIKSCAF2014-29-10-2013\64BIT\KWIKSCAF2014-29-10-2013\KWIKSCAF2007\X64\RELEASE\KWIKSCAF2014.ARX.INTERMEDIATE.MANIFEST
D:\2013\PROJECTS\KWIKSCAF\KWIKSCAF2014-29-10-2013\64BIT\KWIKSCAF2014-29-10-2013\KWIKSCAF2007\X64\RELEASE\KWIKSCAF2014.PCH
D:\2013\PROJECTS\KWIKSCAF\KWIKSCAF2014-29-10-2013\64BIT\KWIKSCAF2014-29-10-2013\KWIKSCAF2007\X64\RELEASE\KWIKSCAFBUTTON.OBJ
D:\2013\PROJECTS\KWIKSCAF\KWIKSCAF2014-29-10-2013\64BIT\KWIKSCAF2014-29-10-2013\KWIKSCAF2007\X64\RELEASE\KWIKSCAFCOLOURS.OBJ
D:\2013\PROJECTS\KWIKSCAF\KWIKSCAF2014-29-10-2013\64BIT\KWIKSCAF2014-29-10-2013\KWIKSCAF2007\X64\RELEASE\KWIKSCAFCOMPONENTEDITOR.OBJ
D:\2013\PROJECTS\KWIKSCAF\KWIKSCAF2014-29-10-2013\64BIT\KWIKSCAF2014-29-10-2013\KWIKSCAF2007\X64\RELEASE\KWIKSCAFDIALOG.OBJ
D:\2013\PROJECTS\KWIKSCAF\KWIKSCAF2014-29-10-2013\64BIT\KWIKSCAF2014-29-10-2013\KWIKSCAF2007\X64\RELEASE\KWIKSCAFPROGRESSDLG.OBJ
D:\2013\PROJECTS\KWIKSCAF\KWIKSCAF2014-29-10-2013\64BIT\KWIKSCAF2014-29-10-2013\KWIKSCAF2007\X64\RELEASE\LAPBOARDBAY.OBJ
D:\2013\PROJECTS\KWIKSCAF\KWIKSCAF2014-29-10-2013\64BIT\KWIKSCAF2014-29-10-2013\KWIKSCAF2007\X64\RELEASE\LEVELLIST.OBJ
D:\2013\PROJECTS\KWIKSCAF\KWIKSCAF2014-29-10-2013\64BIT\KWIKSCAF2014-29-10-2013\KWIKSCAF2007\X64\RELEASE\LIFT.OBJ
D:\2013\PROJECTS\KWIKSCAF\KWIKSCAF2014-29-10-2013\64BIT\KWIKSCAF2014-29-10-2013\KWIKSCAF2007\X64\RELEASE\LIFTDETAILSDIALOG.OBJ
D:\2013\PROJECTS\KWIKSCAF\KWIKSCAF2014-29-10-2013\64BIT\KWIKSCAF2014-29-10-2013\KWIKSCAF2007\X64\RELEASE\LIFTLIST.OBJ
D:\2013\PROJECTS\KWIKSCAF\KWIKSCAF2014-29-10-2013\64BIT\KWIKSCAF2014-29-10-2013\KWIKSCAF2007\X64\RELEASE\LINE.OBJ
D:\2013\PROJECTS\KWIKSCAF\KWIKSCAF2014-29-10-2013\64BIT\KWIKSCAF2014-29-10-2013\KWIKSCAF2007\X64\RELEASE\LISTCTRLPRINT.OBJ
D:\2013\PROJECTS\KWIKSCAF\KWIKSCAF2014-29-10-2013\64BIT\KWIKSCAF2014-29-10-2013\KWIKSCAF2007\X64\RELEASE\LISTPRINTPAGE1.OBJ
D:\2013\PROJECTS\KWIKSCAF\KWIKSCAF2014-29-10-2013\64BIT\KWIKSCAF2014-29-10-2013\KWIKSCAF2007\X64\RELEASE\LISTPRINTPAGE2.OBJ
D:\2013\PROJECTS\KWIKSCAF\KWIKSCAF2014-29-10-2013\64BIT\KWIKSCAF2014-29-10-2013\KWIKSCAF2007\X64\RELEASE\LISTPRINTSETUP.OBJ
D:\2013\PROJECTS\KWIKSCAF\KWIKSCAF2014-29-10-2013\64BIT\KWIKSCAF2014-29-10-2013\KWIKSCAF2007\X64\RELEASE\MATRIX.OBJ
D:\2013\PROJECTS\KWIKSCAF\KWIKSCAF2014-29-10-2013\64BIT\KWIKSCAF2014-29-10-2013\KWIKSCAF2007\X64\RELEASE\MATRIXELEMENT.OBJ
D:\2013\PROJECTS\KWIKSCAF\KWIKSCAF2014-29-10-2013\64BIT\KWIKSCAF2014-29-10-2013\KWIKSCAF2007\X64\RELEASE\MDIAWARE.OBJ
D:\2013\PROJECTS\KWIKSCAF\KWIKSCAF2014-29-10-2013\64BIT\KWIKSCAF2014-29-10-2013\KWIKSCAF2007\X64\RELEASE\MILLSSYSTEMBAYEDITOR.OBJ
D:\2013\PROJECTS\KWIKSCAF\KWIKSCAF2014-29-10-2013\64BIT\KWIKSCAF2014-29-10-2013\KWIKSCAF2007\X64\RELEASE\OBJECTPOSITION.OBJ
D:\2013\PROJECTS\KWIKSCAF\KWIKSCAF2014-29-10-2013\64BIT\KWIKSCAF2014-29-10-2013\KWIKSCAF2007\X64\RELEASE\PERROLLDIALOG.OBJ
D:\2013\PROJECTS\KWIKSCAF\KWIKSCAF2014-29-10-2013\64BIT\KWIKSCAF2014-29-10-2013\KWIKSCAF2007\X64\RELEASE\PREVIEWTEMPLATE.OBJ
D:\2013\PROJECTS\KWIKSCAF\KWIKSCAF2014-29-10-2013\64BIT\KWIKSCAF2014-29-10-2013\KWIKSCAF2007\X64\RELEASE\PRINTERJOB.OBJ
D:\2013\PROJECTS\KWIKSCAF\KWIKSCAF2014-29-10-2013\64BIT\KWIKSCAF2014-29-10-2013\KWIKSCAF2007\X64\RELEASE\PRINTSTATUS.OBJ
D:\2013\PROJECTS\KWIKSCAF\KWIKSCAF2014-29-10-2013\64BIT\KWIKSCAF2014-29-10-2013\KWIKSCAF2007\X64\RELEASE\RUN.OBJ
D:\2013\PROJECTS\KWIKSCAF\KWIKSCAF2014-29-10-2013\64BIT\KWIKSCAF2014-29-10-2013\KWIKSCAF2007\X64\RELEASE\RUNPROPDIALOG.OBJ
D:\2013\PROJECTS\KWIKSCAF\KWIKSCAF2014-29-10-2013\64BIT\KWIKSCAF2014-29-10-2013\KWIKSCAF2007\X64\RELEASE\SCAFFOLDARCHIVE.OBJ
D:\2013\PROJECTS\KWIKSCAF\KWIKSCAF2014-29-10-2013\64BIT\KWIKSCAF2014-29-10-2013\KWIKSCAF2007\X64\RELEASE\SETSTAGESDLG.OBJ
D:\2013\PROJECTS\KWIKSCAF\KWIKSCAF2014-29-10-2013\64BIT\KWIKSCAF2014-29-10-2013\KWIKSCAF2007\X64\RELEASE\SHKINTERFACE.OBJ
D:\2013\PROJECTS\KWIKSCAF\KWIKSCAF2014-29-10-2013\64BIT\KWIKSCAF2014-29-10-2013\KWIKSCAF2007\X64\RELEASE\SHOWCOMPONENTTYPEDIALOG.OBJ
D:\2013\PROJECTS\KWIKSCAF\KWIKSCAF2014-29-10-2013\64BIT\KWIKSCAF2014-29-10-2013\KWIKSCAF2007\X64\RELEASE\STAGELEVELSHOWHIDEDLG.OBJ
D:\2013\PROJECTS\KWIKSCAF\KWIKSCAF2014-29-10-2013\64BIT\KWIKSCAF2014-29-10-2013\KWIKSCAF2007\X64\RELEASE\STAGELEVELVISIBLE.OBJ
D:\2013\PROJECTS\KWIKSCAF\KWIKSCAF2014-29-10-2013\64BIT\KWIKSCAF2014-29-10-2013\KWIKSCAF2007\X64\RELEASE\STANDARDHEIGHTPICKERDIALOG.OBJ
D:\2013\PROJECTS\KWIKSCAF\KWIKSCAF2014-29-10-2013\64BIT\KWIKSCAF2014-29-10-2013\KWIKSCAF2007\X64\RELEASE\STDAFX.OBJ
D:\2013\PROJECTS\KWIKSCAF\KWIKSCAF2014-29-10-2013\64BIT\KWIKSCAF2014-29-10-2013\KWIKSCAF2007\X64\RELEASE\STOCKLISTELEMENT.OBJ
D:\2013\PROJECTS\KWIKSCAF\KWIKSCAF2014-29-10-2013\64BIT\KWIKSCAF2014-29-10-2013\KWIKSCAF2007\X64\RELEASE\SUMMARYELEMENT.OBJ
D:\2013\PROJECTS\KWIKSCAF\KWIKSCAF2014-29-10-2013\64BIT\KWIKSCAF2014-29-10-2013\KWIKSCAF2007\X64\RELEASE\SUMMARYINFO.OBJ
D:\2013\PROJECTS\KWIKSCAF\KWIKSCAF2014-29-10-2013\64BIT\KWIKSCAF2014-29-10-2013\KWIKSCAF2007\X64\RELEASE\VISUALCOMPONENTS.OBJ
D:\2013\PROJECTS\KWIKSCAF\KWIKSCAF2014-29-10-2013\64BIT\KWIKSCAF2014-29-10-2013\X64\RELEASE\KWIKSCAF2014.ARX
D:\2013\Projects\Kwikscaf\KwikScaf2014-29-10-2013\64Bit\KwikScaf2014-29-10-2013\x64\Release\KwikScaf2014.exp
D:\2013\PROJECTS\KWIKSCAF\KWIKSCAF2014-29-10-2013\64BIT\KWIKSCAF2014-29-10-2013\X64\RELEASE\KWIKSCAF2014.ILK
D:\2013\Projects\Kwikscaf\KwikScaf2014-29-10-2013\64Bit\KwikScaf2014-29-10-2013\x64\Release\KwikScaf2014.lib
