D:\2013\PROJECTS\KWIKSCAF [PRJ_CAE 209-093]\KWIKSCAF2013-06-12-2013\KWIKSCAF\KWIKSCAF2007\WIN32\RELEASE\ACRXENTRYPOINT.OBJ
D:\2013\PROJECTS\KWIKSCAF [PRJ_CAE 209-093]\KWIKSCAF2013-06-12-2013\KWIKSCAF\KWIKSCAF2007\WIN32\RELEASE\ASSIGNSTAGEDIALOG.OBJ
D:\2013\PROJECTS\KWIKSCAF [PRJ_CAE 209-093]\KWIKSCAF2013-06-12-2013\KWIKSCAF\KWIKSCAF2007\WIN32\RELEASE\AUTOBUILDDIALOG.OBJ
D:\2013\PROJECTS\KWIKSCAF [PRJ_CAE 209-093]\KWIKSCAF2013-06-12-2013\KWIKSCAF\KWIKSCAF2007\WIN32\RELEASE\AUTOBUILDPROPERTIESTOOLBAR.OBJ
D:\2013\PROJECTS\KWIKSCAF [PRJ_CAE 209-093]\KWIKSCAF2013-06-12-2013\KWIKSCAF\KWIKSCAF2007\WIN32\RELEASE\AUTOBUILDPROPERTIESWND.OBJ
D:\2013\PROJECTS\KWIKSCAF [PRJ_CAE 209-093]\KWIKSCAF2013-06-12-2013\KWIKSCAF\KWIKSCAF2007\WIN32\RELEASE\AUTOBUILDTOOLBAR.OBJ
D:\2013\PROJECTS\KWIKSCAF [PRJ_CAE 209-093]\KWIKSCAF2013-06-12-2013\KWIKSCAF\KWIKSCAF2007\WIN32\RELEASE\AUTOBUILDTOOLS.OBJ
D:\2013\PROJECTS\KWIKSCAF [PRJ_CAE 209-093]\KWIKSCAF2013-06-12-2013\KWIKSCAF\KWIKSCAF2007\WIN32\RELEASE\BAY.OBJ
D:\2013\PROJECTS\KWIKSCAF [PRJ_CAE 209-093]\KWIKSCAF2013-06-12-2013\KWIKSCAF\KWIKSCAF2007\WIN32\RELEASE\BAYDETAILSDIALOG.OBJ
D:\2013\PROJECTS\KWIKSCAF [PRJ_CAE 209-093]\KWIKSCAF2013-06-12-2013\KWIKSCAF\KWIKSCAF2007\WIN32\RELEASE\BAYPROPERTIESTOOLBAR.OBJ
D:\2013\PROJECTS\KWIKSCAF [PRJ_CAE 209-093]\KWIKSCAF2013-06-12-2013\KWIKSCAF\KWIKSCAF2007\WIN32\RELEASE\BAYPROPTOOLBARWND.OBJ
D:\2013\PROJECTS\KWIKSCAF [PRJ_CAE 209-093]\KWIKSCAF2013-06-12-2013\KWIKSCAF\KWIKSCAF2007\WIN32\RELEASE\BAYSTAGELEVEL.OBJ
D:\2013\PROJECTS\KWIKSCAF [PRJ_CAE 209-093]\KWIKSCAF2013-06-12-2013\KWIKSCAF\KWIKSCAF2007\WIN32\RELEASE\BOMEXTRA.OBJ
D:\2013\PROJECTS\KWIKSCAF [PRJ_CAE 209-093]\KWIKSCAF2013-06-12-2013\KWIKSCAF\KWIKSCAF2007\WIN32\RELEASE\BOMSELECTIONDIALOG.OBJ
D:\2013\PROJECTS\KWIKSCAF [PRJ_CAE 209-093]\KWIKSCAF2013-06-12-2013\KWIKSCAF\KWIKSCAF2007\WIN32\RELEASE\BOMSUMMARYDIALOG.OBJ
D:\2013\PROJECTS\KWIKSCAF [PRJ_CAE 209-093]\KWIKSCAF2013-06-12-2013\KWIKSCAF\KWIKSCAF2007\WIN32\RELEASE\CHANGERLDLG.OBJ
D:\2013\Projects\Kwikscaf [PRJ_CAE 209-093]\KwikScaf2013-06-12-2013\KwikScaf\KwikScaf2007\Win32\Release\cl.command.1.tlog
D:\2013\Projects\Kwikscaf [PRJ_CAE 209-093]\KwikScaf2013-06-12-2013\KwikScaf\KwikScaf2007\Win32\Release\CL.read.1.tlog
D:\2013\Projects\Kwikscaf [PRJ_CAE 209-093]\KwikScaf2013-06-12-2013\KwikScaf\KwikScaf2007\Win32\Release\CL.write.1.tlog
D:\2013\PROJECTS\KWIKSCAF [PRJ_CAE 209-093]\KWIKSCAF2013-06-12-2013\KWIKSCAF\KWIKSCAF2007\WIN32\RELEASE\COMPONENT.OBJ
D:\2013\PROJECTS\KWIKSCAF [PRJ_CAE 209-093]\KWIKSCAF2013-06-12-2013\KWIKSCAF\KWIKSCAF2007\WIN32\RELEASE\COMPONENTDETAILS.OBJ
D:\2013\PROJECTS\KWIKSCAF [PRJ_CAE 209-093]\KWIKSCAF2013-06-12-2013\KWIKSCAF\KWIKSCAF2007\WIN32\RELEASE\COMPONENTEDITOR.OBJ
D:\2013\PROJECTS\KWIKSCAF [PRJ_CAE 209-093]\KWIKSCAF2013-06-12-2013\KWIKSCAF\KWIKSCAF2007\WIN32\RELEASE\COMPONENTLIST.OBJ
D:\2013\PROJECTS\KWIKSCAF [PRJ_CAE 209-093]\KWIKSCAF2013-06-12-2013\KWIKSCAF\KWIKSCAF2007\WIN32\RELEASE\COMPONENTPARTNUMBERSELECTORDLG.OBJ
D:\2013\PROJECTS\KWIKSCAF [PRJ_CAE 209-093]\KWIKSCAF2013-06-12-2013\KWIKSCAF\KWIKSCAF2007\WIN32\RELEASE\CONTROLLER.OBJ
D:\2013\PROJECTS\KWIKSCAF [PRJ_CAE 209-093]\KWIKSCAF2013-06-12-2013\KWIKSCAF\KWIKSCAF2007\WIN32\RELEASE\COOLBUTTON.OBJ
D:\2013\PROJECTS\KWIKSCAF [PRJ_CAE 209-093]\KWIKSCAF2013-06-12-2013\KWIKSCAF\KWIKSCAF2007\WIN32\RELEASE\DOCDATA.OBJ
D:\2013\PROJECTS\KWIKSCAF [PRJ_CAE 209-093]\KWIKSCAF2013-06-12-2013\KWIKSCAF\KWIKSCAF2007\WIN32\RELEASE\DOUBLEARRAY.OBJ
D:\2013\PROJECTS\KWIKSCAF [PRJ_CAE 209-093]\KWIKSCAF2013-06-12-2013\KWIKSCAF\KWIKSCAF2007\WIN32\RELEASE\EDITSTANDARDSDLG.OBJ
D:\2013\PROJECTS\KWIKSCAF [PRJ_CAE 209-093]\KWIKSCAF2013-06-12-2013\KWIKSCAF\KWIKSCAF2007\WIN32\RELEASE\ENTITY.OBJ
D:\2013\PROJECTS\KWIKSCAF [PRJ_CAE 209-093]\KWIKSCAF2013-06-12-2013\KWIKSCAF\KWIKSCAF2007\WIN32\RELEASE\ENTITYDEBUGGER.OBJ
D:\2013\PROJECTS\KWIKSCAF [PRJ_CAE 209-093]\KWIKSCAF2013-06-12-2013\KWIKSCAF\KWIKSCAF2007\WIN32\RELEASE\ENTITYREACTOR.OBJ
D:\2013\PROJECTS\KWIKSCAF [PRJ_CAE 209-093]\KWIKSCAF2013-06-12-2013\KWIKSCAF\KWIKSCAF2007\WIN32\RELEASE\FONTCOMBO.OBJ
D:\2013\PROJECTS\KWIKSCAF [PRJ_CAE 209-093]\KWIKSCAF2013-06-12-2013\KWIKSCAF\KWIKSCAF2007\WIN32\RELEASE\FREETIETUBE.OBJ
D:\2013\PROJECTS\KWIKSCAF [PRJ_CAE 209-093]\KWIKSCAF2013-06-12-2013\KWIKSCAF\KWIKSCAF2007\WIN32\RELEASE\GRAPHICTYPES.OBJ
D:\2013\PROJECTS\KWIKSCAF [PRJ_CAE 209-093]\KWIKSCAF2013-06-12-2013\KWIKSCAF\KWIKSCAF2007\WIN32\RELEASE\HELPABOUTDLG.OBJ
D:\2013\PROJECTS\KWIKSCAF [PRJ_CAE 209-093]\KWIKSCAF2013-06-12-2013\KWIKSCAF\KWIKSCAF2007\WIN32\RELEASE\JOBDESCRIPTIONINFO.OBJ
D:\2013\PROJECTS\KWIKSCAF [PRJ_CAE 209-093]\KWIKSCAF2013-06-12-2013\KWIKSCAF\KWIKSCAF2007\WIN32\RELEASE\JOBDETAILSDIALOG.OBJ
D:\2013\PROJECTS\KWIKSCAF [PRJ_CAE 209-093]\KWIKSCAF2013-06-12-2013\KWIKSCAF\KWIKSCAF2007\WIN32\RELEASE\KWIK3DPOLYGONMESH.OBJ
D:\2013\PROJECTS\KWIKSCAF [PRJ_CAE 209-093]\KWIKSCAF2013-06-12-2013\KWIKSCAF\KWIKSCAF2007\WIN32\RELEASE\KWIKSCAF2007.OBJ
D:\2013\PROJECTS\KWIKSCAF [PRJ_CAE 209-093]\KWIKSCAF2013-06-12-2013\KWIKSCAF\KWIKSCAF2007\WIN32\RELEASE\KWIKSCAF2007.RES
D:\2013\Projects\Kwikscaf [PRJ_CAE 209-093]\KwikScaf2013-06-12-2013\KwikScaf\KwikScaf2007\Win32\Release\KwikScaf2007.vcxprojResolveAssemblyReference.cache
D:\2013\PROJECTS\KWIKSCAF [PRJ_CAE 209-093]\KWIKSCAF2013-06-12-2013\KWIKSCAF\KWIKSCAF2007\WIN32\RELEASE\KWIKSCAF2013.ARX.EMBED.MANIFEST
D:\2013\PROJECTS\KWIKSCAF [PRJ_CAE 209-093]\KWIKSCAF2013-06-12-2013\KWIKSCAF\KWIKSCAF2007\WIN32\RELEASE\KWIKSCAF2013.ARX.EMBED.MANIFEST.RES
D:\2013\PROJECTS\KWIKSCAF [PRJ_CAE 209-093]\KWIKSCAF2013-06-12-2013\KWIKSCAF\KWIKSCAF2007\WIN32\RELEASE\KWIKSCAF2013.ARX.INTERMEDIATE.MANIFEST
D:\2013\PROJECTS\KWIKSCAF [PRJ_CAE 209-093]\KWIKSCAF2013-06-12-2013\KWIKSCAF\KWIKSCAF2007\WIN32\RELEASE\KWIKSCAF2013.PCH
D:\2013\Projects\Kwikscaf [PRJ_CAE 209-093]\KwikScaf2013-06-12-2013\KwikScaf\KwikScaf2007\Win32\Release\KwikScaf2013.write.1.tlog
D:\2013\Projects\Kwikscaf [PRJ_CAE 209-093]\KwikScaf2013-06-12-2013\KwikScaf\KwikScaf2007\Win32\Release\KwikScaf2013_manifest.rc
D:\2013\PROJECTS\KWIKSCAF [PRJ_CAE 209-093]\KWIKSCAF2013-06-12-2013\KWIKSCAF\KWIKSCAF2007\WIN32\RELEASE\KWIKSCAFBUTTON.OBJ
D:\2013\PROJECTS\KWIKSCAF [PRJ_CAE 209-093]\KWIKSCAF2013-06-12-2013\KWIKSCAF\KWIKSCAF2007\WIN32\RELEASE\KWIKSCAFCOLOURS.OBJ
D:\2013\PROJECTS\KWIKSCAF [PRJ_CAE 209-093]\KWIKSCAF2013-06-12-2013\KWIKSCAF\KWIKSCAF2007\WIN32\RELEASE\KWIKSCAFCOMPONENTEDITOR.OBJ
D:\2013\PROJECTS\KWIKSCAF [PRJ_CAE 209-093]\KWIKSCAF2013-06-12-2013\KWIKSCAF\KWIKSCAF2007\WIN32\RELEASE\KWIKSCAFDIALOG.OBJ
D:\2013\PROJECTS\KWIKSCAF [PRJ_CAE 209-093]\KWIKSCAF2013-06-12-2013\KWIKSCAF\KWIKSCAF2007\WIN32\RELEASE\KWIKSCAFPROGRESSDLG.OBJ
D:\2013\PROJECTS\KWIKSCAF [PRJ_CAE 209-093]\KWIKSCAF2013-06-12-2013\KWIKSCAF\KWIKSCAF2007\WIN32\RELEASE\LAPBOARDBAY.OBJ
D:\2013\PROJECTS\KWIKSCAF [PRJ_CAE 209-093]\KWIKSCAF2013-06-12-2013\KWIKSCAF\KWIKSCAF2007\WIN32\RELEASE\LEVELLIST.OBJ
D:\2013\PROJECTS\KWIKSCAF [PRJ_CAE 209-093]\KWIKSCAF2013-06-12-2013\KWIKSCAF\KWIKSCAF2007\WIN32\RELEASE\LIFT.OBJ
D:\2013\PROJECTS\KWIKSCAF [PRJ_CAE 209-093]\KWIKSCAF2013-06-12-2013\KWIKSCAF\KWIKSCAF2007\WIN32\RELEASE\LIFTDETAILSDIALOG.OBJ
D:\2013\PROJECTS\KWIKSCAF [PRJ_CAE 209-093]\KWIKSCAF2013-06-12-2013\KWIKSCAF\KWIKSCAF2007\WIN32\RELEASE\LIFTLIST.OBJ
D:\2013\PROJECTS\KWIKSCAF [PRJ_CAE 209-093]\KWIKSCAF2013-06-12-2013\KWIKSCAF\KWIKSCAF2007\WIN32\RELEASE\LINE.OBJ
D:\2013\Projects\Kwikscaf [PRJ_CAE 209-093]\KwikScaf2013-06-12-2013\KwikScaf\KwikScaf2007\Win32\Release\link.command.1.tlog
D:\2013\Projects\Kwikscaf [PRJ_CAE 209-093]\KwikScaf2013-06-12-2013\KwikScaf\KwikScaf2007\Win32\Release\link.read.1.tlog
D:\2013\Projects\Kwikscaf [PRJ_CAE 209-093]\KwikScaf2013-06-12-2013\KwikScaf\KwikScaf2007\Win32\Release\link.write.1.tlog
D:\2013\Projects\Kwikscaf [PRJ_CAE 209-093]\KwikScaf2013-06-12-2013\KwikScaf\KwikScaf2007\Win32\Release\link-cvtres.read.1.tlog
D:\2013\Projects\Kwikscaf [PRJ_CAE 209-093]\KwikScaf2013-06-12-2013\KwikScaf\KwikScaf2007\Win32\Release\link-cvtres.write.1.tlog
D:\2013\PROJECTS\KWIKSCAF [PRJ_CAE 209-093]\KWIKSCAF2013-06-12-2013\KWIKSCAF\KWIKSCAF2007\WIN32\RELEASE\LISTCTRLPRINT.OBJ
D:\2013\PROJECTS\KWIKSCAF [PRJ_CAE 209-093]\KWIKSCAF2013-06-12-2013\KWIKSCAF\KWIKSCAF2007\WIN32\RELEASE\LISTPRINTPAGE1.OBJ
D:\2013\PROJECTS\KWIKSCAF [PRJ_CAE 209-093]\KWIKSCAF2013-06-12-2013\KWIKSCAF\KWIKSCAF2007\WIN32\RELEASE\LISTPRINTPAGE2.OBJ
D:\2013\PROJECTS\KWIKSCAF [PRJ_CAE 209-093]\KWIKSCAF2013-06-12-2013\KWIKSCAF\KWIKSCAF2007\WIN32\RELEASE\LISTPRINTSETUP.OBJ
D:\2013\PROJECTS\KWIKSCAF [PRJ_CAE 209-093]\KWIKSCAF2013-06-12-2013\KWIKSCAF\KWIKSCAF2007\WIN32\RELEASE\MATRIX.OBJ
D:\2013\PROJECTS\KWIKSCAF [PRJ_CAE 209-093]\KWIKSCAF2013-06-12-2013\KWIKSCAF\KWIKSCAF2007\WIN32\RELEASE\MATRIXELEMENT.OBJ
D:\2013\PROJECTS\KWIKSCAF [PRJ_CAE 209-093]\KWIKSCAF2013-06-12-2013\KWIKSCAF\KWIKSCAF2007\WIN32\RELEASE\MDIAWARE.OBJ
D:\2013\PROJECTS\KWIKSCAF [PRJ_CAE 209-093]\KWIKSCAF2013-06-12-2013\KWIKSCAF\KWIKSCAF2007\WIN32\RELEASE\MILLSSYSTEMBAYEDITOR.OBJ
D:\2013\Projects\Kwikscaf [PRJ_CAE 209-093]\KwikScaf2013-06-12-2013\KwikScaf\KwikScaf2007\Win32\Release\mt.command.1.tlog
D:\2013\Projects\Kwikscaf [PRJ_CAE 209-093]\KwikScaf2013-06-12-2013\KwikScaf\KwikScaf2007\Win32\Release\mt.read.1.tlog
D:\2013\Projects\Kwikscaf [PRJ_CAE 209-093]\KwikScaf2013-06-12-2013\KwikScaf\KwikScaf2007\Win32\Release\mt.write.1.tlog
D:\2013\PROJECTS\KWIKSCAF [PRJ_CAE 209-093]\KWIKSCAF2013-06-12-2013\KWIKSCAF\KWIKSCAF2007\WIN32\RELEASE\OBJECTPOSITION.OBJ
D:\2013\PROJECTS\KWIKSCAF [PRJ_CAE 209-093]\KWIKSCAF2013-06-12-2013\KWIKSCAF\KWIKSCAF2007\WIN32\RELEASE\PERROLLDIALOG.OBJ
D:\2013\PROJECTS\KWIKSCAF [PRJ_CAE 209-093]\KWIKSCAF2013-06-12-2013\KWIKSCAF\KWIKSCAF2007\WIN32\RELEASE\PREVIEWTEMPLATE.OBJ
D:\2013\PROJECTS\KWIKSCAF [PRJ_CAE 209-093]\KWIKSCAF2013-06-12-2013\KWIKSCAF\KWIKSCAF2007\WIN32\RELEASE\PRINTERJOB.OBJ
D:\2013\PROJECTS\KWIKSCAF [PRJ_CAE 209-093]\KWIKSCAF2013-06-12-2013\KWIKSCAF\KWIKSCAF2007\WIN32\RELEASE\PRINTSTATUS.OBJ
D:\2013\Projects\Kwikscaf [PRJ_CAE 209-093]\KwikScaf2013-06-12-2013\KwikScaf\KwikScaf2007\Win32\Release\rc.command.1.tlog
D:\2013\Projects\Kwikscaf [PRJ_CAE 209-093]\KwikScaf2013-06-12-2013\KwikScaf\KwikScaf2007\Win32\Release\rc.read.1.tlog
D:\2013\Projects\Kwikscaf [PRJ_CAE 209-093]\KwikScaf2013-06-12-2013\KwikScaf\KwikScaf2007\Win32\Release\rc.write.1.tlog
D:\2013\PROJECTS\KWIKSCAF [PRJ_CAE 209-093]\KWIKSCAF2013-06-12-2013\KWIKSCAF\KWIKSCAF2007\WIN32\RELEASE\RUN.OBJ
D:\2013\PROJECTS\KWIKSCAF [PRJ_CAE 209-093]\KWIKSCAF2013-06-12-2013\KWIKSCAF\KWIKSCAF2007\WIN32\RELEASE\RUNPROPDIALOG.OBJ
D:\2013\PROJECTS\KWIKSCAF [PRJ_CAE 209-093]\KWIKSCAF2013-06-12-2013\KWIKSCAF\KWIKSCAF2007\WIN32\RELEASE\SCAFFOLDARCHIVE.OBJ
D:\2013\PROJECTS\KWIKSCAF [PRJ_CAE 209-093]\KWIKSCAF2013-06-12-2013\KWIKSCAF\KWIKSCAF2007\WIN32\RELEASE\SETSTAGESDLG.OBJ
D:\2013\PROJECTS\KWIKSCAF [PRJ_CAE 209-093]\KWIKSCAF2013-06-12-2013\KWIKSCAF\KWIKSCAF2007\WIN32\RELEASE\SHKINTERFACE.OBJ
D:\2013\PROJECTS\KWIKSCAF [PRJ_CAE 209-093]\KWIKSCAF2013-06-12-2013\KWIKSCAF\KWIKSCAF2007\WIN32\RELEASE\SHOWCOMPONENTTYPEDIALOG.OBJ
D:\2013\PROJECTS\KWIKSCAF [PRJ_CAE 209-093]\KWIKSCAF2013-06-12-2013\KWIKSCAF\KWIKSCAF2007\WIN32\RELEASE\STAGELEVELSHOWHIDEDLG.OBJ
D:\2013\PROJECTS\KWIKSCAF [PRJ_CAE 209-093]\KWIKSCAF2013-06-12-2013\KWIKSCAF\KWIKSCAF2007\WIN32\RELEASE\STAGELEVELVISIBLE.OBJ
D:\2013\PROJECTS\KWIKSCAF [PRJ_CAE 209-093]\KWIKSCAF2013-06-12-2013\KWIKSCAF\KWIKSCAF2007\WIN32\RELEASE\STANDARDHEIGHTPICKERDIALOG.OBJ
D:\2013\PROJECTS\KWIKSCAF [PRJ_CAE 209-093]\KWIKSCAF2013-06-12-2013\KWIKSCAF\KWIKSCAF2007\WIN32\RELEASE\STDAFX.OBJ
D:\2013\PROJECTS\KWIKSCAF [PRJ_CAE 209-093]\KWIKSCAF2013-06-12-2013\KWIKSCAF\KWIKSCAF2007\WIN32\RELEASE\STOCKLISTELEMENT.OBJ
D:\2013\PROJECTS\KWIKSCAF [PRJ_CAE 209-093]\KWIKSCAF2013-06-12-2013\KWIKSCAF\KWIKSCAF2007\WIN32\RELEASE\SUMMARYELEMENT.OBJ
D:\2013\PROJECTS\KWIKSCAF [PRJ_CAE 209-093]\KWIKSCAF2013-06-12-2013\KWIKSCAF\KWIKSCAF2007\WIN32\RELEASE\SUMMARYINFO.OBJ
D:\2013\PROJECTS\KWIKSCAF [PRJ_CAE 209-093]\KWIKSCAF2013-06-12-2013\KWIKSCAF\KWIKSCAF2007\WIN32\RELEASE\VISUALCOMPONENTS.OBJ
D:\2013\PROJECTS\KWIKSCAF [PRJ_CAE 209-093]\KWIKSCAF2013-06-12-2013\KWIKSCAF\WIN32\RELEASE\KWIKSCAF2013.ARX
D:\2013\Projects\Kwikscaf [PRJ_CAE 209-093]\KwikScaf2013-06-12-2013\KwikScaf\Win32\Release\KwikScaf2013.exp
D:\2013\PROJECTS\KWIKSCAF [PRJ_CAE 209-093]\KWIKSCAF2013-06-12-2013\KWIKSCAF\WIN32\RELEASE\KWIKSCAF2013.ILK
D:\2013\Projects\Kwikscaf [PRJ_CAE 209-093]\KwikScaf2013-06-12-2013\KwikScaf\Win32\Release\KwikScaf2013.lib
