e:\2014\kwikscaf\kwikscaf2007\win32\debug\kwikscaf2013.pch
e:\2014\kwikscaf\kwikscaf2007\win32\debug\stdafx.obj
e:\2014\kwikscaf\kwikscaf2007\win32\debug\vc100.pdb
e:\2014\kwikscaf\kwikscaf2007\win32\debug\millssystembayeditor.obj
e:\2014\kwikscaf\kwikscaf2007\win32\debug\msgboxdlg.obj
e:\2014\kwikscaf\kwikscaf2007\win32\debug\objectposition.obj
e:\2014\kwikscaf\kwikscaf2007\win32\debug\perrolldialog.obj
e:\2014\kwikscaf\kwikscaf2007\win32\debug\previewtemplate.obj
e:\2014\kwikscaf\kwikscaf2007\win32\debug\printerjob.obj
e:\2014\kwikscaf\kwikscaf2007\win32\debug\printstatus.obj
e:\2014\kwikscaf\kwikscaf2007\win32\debug\run.obj
e:\2014\kwikscaf\kwikscaf2007\win32\debug\runpropdialog.obj
e:\2014\kwikscaf\kwikscaf2007\win32\debug\scaffoldarchive.obj
e:\2014\kwikscaf\kwikscaf2007\win32\debug\setstagesdlg.obj
e:\2014\kwikscaf\kwikscaf2007\win32\debug\shkinterface.obj
e:\2014\kwikscaf\kwikscaf2007\win32\debug\showcomponenttypedialog.obj
e:\2014\kwikscaf\kwikscaf2007\win32\debug\stagelevelshowhidedlg.obj
e:\2014\kwikscaf\kwikscaf2007\win32\debug\stagelevelvisible.obj
e:\2014\kwikscaf\kwikscaf2007\win32\debug\standardheightpickerdialog.obj
e:\2014\kwikscaf\kwikscaf2007\win32\debug\stocklistelement.obj
e:\2014\kwikscaf\kwikscaf2007\win32\debug\summaryelement.obj
e:\2014\kwikscaf\kwikscaf2007\win32\debug\summaryinfo.obj
e:\2014\kwikscaf\kwikscaf2007\win32\debug\visualcomponents.obj
e:\2014\kwikscaf\kwikscaf2007\win32\debug\kwikscaf2007.obj
e:\2014\kwikscaf\kwikscaf2007\win32\debug\kwikscafbutton.obj
e:\2014\kwikscaf\kwikscaf2007\win32\debug\kwikscafcolours.obj
e:\2014\kwikscaf\kwikscaf2007\win32\debug\kwikscafcomponenteditor.obj
e:\2014\kwikscaf\kwikscaf2007\win32\debug\kwikscafdialog.obj
e:\2014\kwikscaf\kwikscaf2007\win32\debug\kwikscaflicensing.obj
e:\2014\kwikscaf\kwikscaf2007\win32\debug\kwikscafprogressdlg.obj
e:\2014\kwikscaf\kwikscaf2007\win32\debug\lapboardbay.obj
e:\2014\kwikscaf\kwikscaf2007\win32\debug\levellist.obj
e:\2014\kwikscaf\kwikscaf2007\win32\debug\lift.obj
e:\2014\kwikscaf\kwikscaf2007\win32\debug\liftdetailsdialog.obj
e:\2014\kwikscaf\kwikscaf2007\win32\debug\liftlist.obj
e:\2014\kwikscaf\kwikscaf2007\win32\debug\line.obj
e:\2014\kwikscaf\kwikscaf2007\win32\debug\listctrlprint.obj
e:\2014\kwikscaf\kwikscaf2007\win32\debug\listprintpage1.obj
e:\2014\kwikscaf\kwikscaf2007\win32\debug\listprintpage2.obj
e:\2014\kwikscaf\kwikscaf2007\win32\debug\listprintsetup.obj
e:\2014\kwikscaf\kwikscaf2007\win32\debug\matrix.obj
e:\2014\kwikscaf\kwikscaf2007\win32\debug\matrixelement.obj
e:\2014\kwikscaf\kwikscaf2007\win32\debug\mdiaware.obj
e:\2014\kwikscaf\kwikscaf2007\win32\debug\componentlist.obj
e:\2014\kwikscaf\kwikscaf2007\win32\debug\componentpartnumberselectordlg.obj
e:\2014\kwikscaf\kwikscaf2007\win32\debug\controller.obj
e:\2014\kwikscaf\kwikscaf2007\win32\debug\coolbutton.obj
e:\2014\kwikscaf\kwikscaf2007\win32\debug\docdata.obj
e:\2014\kwikscaf\kwikscaf2007\win32\debug\doublearray.obj
e:\2014\kwikscaf\kwikscaf2007\win32\debug\editstandardsdlg.obj
e:\2014\kwikscaf\kwikscaf2007\win32\debug\encryption.obj
e:\2014\kwikscaf\kwikscaf2007\win32\debug\entity.obj
e:\2014\kwikscaf\kwikscaf2007\win32\debug\entitydebugger.obj
e:\2014\kwikscaf\kwikscaf2007\win32\debug\entityreactor.obj
e:\2014\kwikscaf\kwikscaf2007\win32\debug\fontcombo.obj
e:\2014\kwikscaf\kwikscaf2007\win32\debug\freetietube.obj
e:\2014\kwikscaf\kwikscaf2007\win32\debug\graphictypes.obj
e:\2014\kwikscaf\kwikscaf2007\win32\debug\helpaboutdlg.obj
e:\2014\kwikscaf\kwikscaf2007\win32\debug\inireader.obj
e:\2014\kwikscaf\kwikscaf2007\win32\debug\jobdescriptioninfo.obj
e:\2014\kwikscaf\kwikscaf2007\win32\debug\jobdetailsdialog.obj
e:\2014\kwikscaf\kwikscaf2007\win32\debug\keyencryption.obj
e:\2014\kwikscaf\kwikscaf2007\win32\debug\kwik3dpolygonmesh.obj
e:\2014\kwikscaf\kwikscaf2007\win32\debug\acrxentrypoint.obj
e:\2014\kwikscaf\kwikscaf2007\win32\debug\assignstagedialog.obj
e:\2014\kwikscaf\kwikscaf2007\win32\debug\autobuilddialog.obj
e:\2014\kwikscaf\kwikscaf2007\win32\debug\autobuildpropertiestoolbar.obj
e:\2014\kwikscaf\kwikscaf2007\win32\debug\autobuildpropertieswnd.obj
e:\2014\kwikscaf\kwikscaf2007\win32\debug\autobuildtoolbar.obj
e:\2014\kwikscaf\kwikscaf2007\win32\debug\autobuildtools.obj
e:\2014\kwikscaf\kwikscaf2007\win32\debug\bay.obj
e:\2014\kwikscaf\kwikscaf2007\win32\debug\baydetailsdialog.obj
e:\2014\kwikscaf\kwikscaf2007\win32\debug\baypropertiestoolbar.obj
e:\2014\kwikscaf\kwikscaf2007\win32\debug\bayproptoolbarwnd.obj
e:\2014\kwikscaf\kwikscaf2007\win32\debug\baystagelevel.obj
e:\2014\kwikscaf\kwikscaf2007\win32\debug\bomextra.obj
e:\2014\kwikscaf\kwikscaf2007\win32\debug\bomselectiondialog.obj
e:\2014\kwikscaf\kwikscaf2007\win32\debug\bomsummarydialog.obj
e:\2014\kwikscaf\kwikscaf2007\win32\debug\changerldlg.obj
e:\2014\kwikscaf\kwikscaf2007\win32\debug\component.obj
e:\2014\kwikscaf\kwikscaf2007\win32\debug\componentdetails.obj
e:\2014\kwikscaf\kwikscaf2007\win32\debug\componenteditor.obj
e:\2014\kwikscaf\win32\debug\kwikscaf2007.lib
e:\2014\kwikscaf\win32\debug\kwikscaf2007.exp
e:\2014\kwikscaf\win32\debug\kwikscaf2013.ilk
e:\2014\kwikscaf\win32\debug\kwikscaf2013.arx
e:\2014\kwikscaf\win32\debug\kwikscaf2007.pdb
e:\2014\kwikscaf\kwikscaf2007\win32\debug\kwikscaf2007.res
e:\ak_dev26\kwikscaf\kwikscaf2007\win32\debug\kwikscaf2018.pch
e:\ak_dev26\kwikscaf\kwikscaf2007\win32\debug\vc140.pdb
e:\ak_dev26\kwikscaf\kwikscaf2007\win32\debug\vc140.idb
e:\ak_dev26\kwikscaf\kwikscaf2007\win32\debug\stdafx.obj
e:\ak_dev26\kwikscaf\kwikscaf2007\win32\debug\previewtemplate.obj
e:\ak_dev26\kwikscaf\kwikscaf2007\win32\debug\mdiaware.obj
e:\ak_dev26\kwikscaf\kwikscaf2007\win32\debug\entity.obj
e:\ak_dev26\kwikscaf\kwikscaf2007\win32\debug\matrix.obj
e:\ak_dev26\kwikscaf\kwikscaf2007\win32\debug\component.obj
e:\ak_dev26\kwikscaf\kwikscaf2007\win32\debug\controller.obj
e:\ak_dev26\kwikscaf\kwikscaf2007\win32\debug\kwikscaf2007.res
e:\ak_dev26\kwikscaf\kwikscaf2007\win32\debug\kwikscaf2007.vcxprojresolveassemblyreference.cache
e:\ak_dev26\kwikscaf\kwikscaf2007\win32\debug\acrxentrypoint.obj
e:\ak_dev26\kwikscaf\kwikscaf2007\win32\debug\assignstagedialog.obj
e:\ak_dev26\kwikscaf\kwikscaf2007\win32\debug\autobuilddialog.obj
e:\ak_dev26\kwikscaf\kwikscaf2007\win32\debug\autobuildpropertiestoolbar.obj
e:\ak_dev26\kwikscaf\kwikscaf2007\win32\debug\autobuildpropertieswnd.obj
e:\ak_dev26\kwikscaf\kwikscaf2007\win32\debug\autobuildtoolbar.obj
e:\ak_dev26\kwikscaf\kwikscaf2007\win32\debug\autobuildtools.obj
e:\ak_dev26\kwikscaf\kwikscaf2007\win32\debug\bay.obj
e:\ak_dev26\kwikscaf\kwikscaf2007\win32\debug\baydetailsdialog.obj
e:\ak_dev26\kwikscaf\kwikscaf2007\win32\debug\baypropertiestoolbar.obj
e:\ak_dev26\kwikscaf\kwikscaf2007\win32\debug\bayproptoolbarwnd.obj
e:\ak_dev26\kwikscaf\kwikscaf2007\win32\debug\baystagelevel.obj
e:\ak_dev26\kwikscaf\kwikscaf2007\win32\debug\bomextra.obj
e:\ak_dev26\kwikscaf\kwikscaf2007\win32\debug\bomselectiondialog.obj
e:\ak_dev26\kwikscaf\kwikscaf2007\win32\debug\bomsummarydialog.obj
e:\ak_dev26\kwikscaf\kwikscaf2007\win32\debug\changerldlg.obj
e:\ak_dev26\kwikscaf\kwikscaf2007\win32\debug\componentdetails.obj
e:\ak_dev26\kwikscaf\kwikscaf2007\win32\debug\componenteditor.obj
e:\ak_dev26\kwikscaf\kwikscaf2007\win32\debug\componentlist.obj
e:\ak_dev26\kwikscaf\kwikscaf2007\win32\debug\componentpartnumberselectordlg.obj
e:\ak_dev26\kwikscaf\kwikscaf2007\win32\debug\coolbutton.obj
e:\ak_dev26\kwikscaf\kwikscaf2007\win32\debug\docdata.obj
e:\ak_dev26\kwikscaf\kwikscaf2007\win32\debug\doublearray.obj
e:\ak_dev26\kwikscaf\kwikscaf2007\win32\debug\editstandardsdlg.obj
e:\ak_dev26\kwikscaf\kwikscaf2007\win32\debug\encryption.obj
e:\ak_dev26\kwikscaf\kwikscaf2007\win32\debug\entitydebugger.obj
e:\ak_dev26\kwikscaf\kwikscaf2007\win32\debug\entityreactor.obj
e:\ak_dev26\kwikscaf\kwikscaf2007\win32\debug\fontcombo.obj
e:\ak_dev26\kwikscaf\kwikscaf2007\win32\debug\freetietube.obj
e:\ak_dev26\kwikscaf\kwikscaf2007\win32\debug\graphictypes.obj
e:\ak_dev26\kwikscaf\kwikscaf2007\win32\debug\helpaboutdlg.obj
e:\ak_dev26\kwikscaf\kwikscaf2007\win32\debug\inireader.obj
e:\ak_dev26\kwikscaf\kwikscaf2007\win32\debug\jobdescriptioninfo.obj
e:\ak_dev26\kwikscaf\kwikscaf2007\win32\debug\jobdetailsdialog.obj
e:\ak_dev26\kwikscaf\kwikscaf2007\win32\debug\keyencryption.obj
e:\ak_dev26\kwikscaf\kwikscaf2007\win32\debug\kwik3dpolygonmesh.obj
e:\ak_dev26\kwikscaf\kwikscaf2007\win32\debug\kwikscaf2007.obj
e:\ak_dev26\kwikscaf\kwikscaf2007\win32\debug\kwikscafbutton.obj
e:\ak_dev26\kwikscaf\kwikscaf2007\win32\debug\kwikscafcolours.obj
e:\ak_dev26\kwikscaf\kwikscaf2007\win32\debug\kwikscafcomponenteditor.obj
e:\ak_dev26\kwikscaf\kwikscaf2007\win32\debug\kwikscafdialog.obj
e:\ak_dev26\kwikscaf\kwikscaf2007\win32\debug\kwikscaflicensing.obj
e:\ak_dev26\kwikscaf\kwikscaf2007\win32\debug\kwikscafprogressdlg.obj
e:\ak_dev26\kwikscaf\kwikscaf2007\win32\debug\lapboardbay.obj
e:\ak_dev26\kwikscaf\kwikscaf2007\win32\debug\levellist.obj
e:\ak_dev26\kwikscaf\kwikscaf2007\win32\debug\lift.obj
e:\ak_dev26\kwikscaf\kwikscaf2007\win32\debug\liftdetailsdialog.obj
e:\ak_dev26\kwikscaf\kwikscaf2007\win32\debug\liftlist.obj
e:\ak_dev26\kwikscaf\kwikscaf2007\win32\debug\line.obj
e:\ak_dev26\kwikscaf\kwikscaf2007\win32\debug\listctrlprint.obj
e:\ak_dev26\kwikscaf\kwikscaf2007\win32\debug\listprintpage1.obj
e:\ak_dev26\kwikscaf\kwikscaf2007\win32\debug\listprintpage2.obj
e:\ak_dev26\kwikscaf\kwikscaf2007\win32\debug\listprintsetup.obj
e:\ak_dev26\kwikscaf\kwikscaf2007\win32\debug\matrixelement.obj
e:\ak_dev26\kwikscaf\kwikscaf2007\win32\debug\millssystembayeditor.obj
e:\ak_dev26\kwikscaf\kwikscaf2007\win32\debug\msgboxdlg.obj
e:\ak_dev26\kwikscaf\kwikscaf2007\win32\debug\objectposition.obj
e:\ak_dev26\kwikscaf\kwikscaf2007\win32\debug\perrolldialog.obj
e:\ak_dev26\kwikscaf\kwikscaf2007\win32\debug\printerjob.obj
e:\ak_dev26\kwikscaf\kwikscaf2007\win32\debug\printstatus.obj
e:\ak_dev26\kwikscaf\kwikscaf2007\win32\debug\run.obj
e:\ak_dev26\kwikscaf\kwikscaf2007\win32\debug\runpropdialog.obj
e:\ak_dev26\kwikscaf\kwikscaf2007\win32\debug\scaffoldarchive.obj
e:\ak_dev26\kwikscaf\kwikscaf2007\win32\debug\setstagesdlg.obj
e:\ak_dev26\kwikscaf\kwikscaf2007\win32\debug\shkinterface.obj
e:\ak_dev26\kwikscaf\kwikscaf2007\win32\debug\showcomponenttypedialog.obj
e:\ak_dev26\kwikscaf\kwikscaf2007\win32\debug\stagelevelshowhidedlg.obj
e:\ak_dev26\kwikscaf\kwikscaf2007\win32\debug\stagelevelvisible.obj
e:\ak_dev26\kwikscaf\kwikscaf2007\win32\debug\standardheightpickerdialog.obj
e:\ak_dev26\kwikscaf\kwikscaf2007\win32\debug\stocklistelement.obj
e:\ak_dev26\kwikscaf\kwikscaf2007\win32\debug\summaryelement.obj
e:\ak_dev26\kwikscaf\kwikscaf2007\win32\debug\summaryinfo.obj
e:\ak_dev26\kwikscaf\kwikscaf2007\win32\debug\visualcomponents.obj
e:\ak_dev26\kwikscaf\kwikscaf2007\win32\debug\cl.command.1.tlog
e:\ak_dev26\kwikscaf\kwikscaf2007\win32\debug\cl.read.1.tlog
e:\ak_dev26\kwikscaf\kwikscaf2007\win32\debug\cl.write.1.tlog
e:\ak_dev26\kwikscaf\kwikscaf2007\win32\debug\kwikscaf2013.write.1.tlog
e:\ak_dev26\kwikscaf\kwikscaf2007\win32\debug\link-cvtres.read.1.tlog
e:\ak_dev26\kwikscaf\kwikscaf2007\win32\debug\link-cvtres.write.1.tlog
e:\ak_dev26\kwikscaf\kwikscaf2007\win32\debug\link.command.1.tlog
e:\ak_dev26\kwikscaf\kwikscaf2007\win32\debug\link.read.1.tlog
e:\ak_dev26\kwikscaf\kwikscaf2007\win32\debug\link.write.1.tlog
e:\ak_dev26\kwikscaf\kwikscaf2007\win32\debug\rc.command.1.tlog
e:\ak_dev26\kwikscaf\kwikscaf2007\win32\debug\rc.read.1.tlog
e:\ak_dev26\kwikscaf\kwikscaf2007\win32\debug\rc.write.1.tlog
e:\ak_dev26\kwikscaf\kwikscaf2007\win32\debug\kwikscaf2013.pch
e:\ak_dev26\kwikscaf\kwikscaf2007\win32\debug\vc100.idb
e:\ak_dev26\kwikscaf\kwikscaf2007\win32\debug\vc100.pdb
e:\ak_dev26\kwikscaf\kwikscaf2007\win32\debug\kwikscaf2018.tlog\cl.command.1.tlog
e:\ak_dev26\kwikscaf\kwikscaf2007\win32\debug\kwikscaf2018.tlog\cl.read.1.tlog
e:\ak_dev26\kwikscaf\kwikscaf2007\win32\debug\kwikscaf2018.tlog\cl.write.1.tlog
e:\ak_dev26\kwikscaf\kwikscaf2007\win32\debug\kwikscaf2018.tlog\link-cvtres.read.1.tlog
e:\ak_dev26\kwikscaf\kwikscaf2007\win32\debug\kwikscaf2018.tlog\link-cvtres.write.1.tlog
e:\ak_dev26\kwikscaf\kwikscaf2007\win32\debug\kwikscaf2018.tlog\link.command.1.tlog
e:\ak_dev26\kwikscaf\kwikscaf2007\win32\debug\kwikscaf2018.tlog\link.read.1.tlog
e:\ak_dev26\kwikscaf\kwikscaf2007\win32\debug\kwikscaf2018.tlog\link.write.1.tlog
e:\ak_dev26\kwikscaf\kwikscaf2007\win32\debug\kwikscaf2018.tlog\rc.command.1.tlog
e:\ak_dev26\kwikscaf\kwikscaf2007\win32\debug\kwikscaf2018.tlog\rc.read.1.tlog
e:\ak_dev26\kwikscaf\kwikscaf2007\win32\debug\kwikscaf2018.tlog\rc.write.1.tlog
