E:\2014\KWIKSCAF\KWIKSCAF2007\WIN32\DEBUG\ACRXENTRYPOINT.OBJ
E:\2014\KWIKSCAF\KWIKSCAF2007\WIN32\DEBUG\ASSIGNSTAGEDIALOG.OBJ
E:\2014\KWIKSCAF\KWIKSCAF2007\WIN32\DEBUG\AUTOBUILDDIALOG.OBJ
E:\2014\KWIKSCAF\KWIKSCAF2007\WIN32\DEBUG\AUTOBUILDPROPERTIESTOOLBAR.OBJ
E:\2014\KWIKSCAF\KWIKSCAF2007\WIN32\DEBUG\AUTOBUILDPROPERTIESWND.OBJ
E:\2014\KWIKSCAF\KWIKSCAF2007\WIN32\DEBUG\AUTOBUILDTOOLBAR.OBJ
E:\2014\KWIKSCAF\KWIKSCAF2007\WIN32\DEBUG\AUTOBUILDTOOLS.OBJ
E:\2014\KWIKSCAF\KWIKSCAF2007\WIN32\DEBUG\BAY.OBJ
E:\2014\KWIKSCAF\KWIKSCAF2007\WIN32\DEBUG\BAYDETAILSDIALOG.OBJ
E:\2014\KWIKSCAF\KWIKSCAF2007\WIN32\DEBUG\BAYPROPERTIESTOOLBAR.OBJ
E:\2014\KWIKSCAF\KWIKSCAF2007\WIN32\DEBUG\BAYPROPTOOLBARWND.OBJ
E:\2014\KWIKSCAF\KWIKSCAF2007\WIN32\DEBUG\BAYSTAGELEVEL.OBJ
E:\2014\KWIKSCAF\KWIKSCAF2007\WIN32\DEBUG\BOMEXTRA.OBJ
E:\2014\KWIKSCAF\KWIKSCAF2007\WIN32\DEBUG\BOMSELECTIONDIALOG.OBJ
E:\2014\KWIKSCAF\KWIKSCAF2007\WIN32\DEBUG\BOMSUMMARYDIALOG.OBJ
E:\2014\KWIKSCAF\KWIKSCAF2007\WIN32\DEBUG\CHANGERLDLG.OBJ
E:\2014\KwikScaf\KwikScaf2007\Win32\Debug\cl.command.1.tlog
E:\2014\KwikScaf\KwikScaf2007\Win32\Debug\CL.read.1.tlog
E:\2014\KwikScaf\KwikScaf2007\Win32\Debug\CL.write.1.tlog
E:\2014\KWIKSCAF\KWIKSCAF2007\WIN32\DEBUG\COMPONENT.OBJ
E:\2014\KWIKSCAF\KWIKSCAF2007\WIN32\DEBUG\COMPONENTDETAILS.OBJ
E:\2014\KWIKSCAF\KWIKSCAF2007\WIN32\DEBUG\COMPONENTEDITOR.OBJ
E:\2014\KWIKSCAF\KWIKSCAF2007\WIN32\DEBUG\COMPONENTLIST.OBJ
E:\2014\KWIKSCAF\KWIKSCAF2007\WIN32\DEBUG\COMPONENTPARTNUMBERSELECTORDLG.OBJ
E:\2014\KWIKSCAF\KWIKSCAF2007\WIN32\DEBUG\CONTROLLER.OBJ
E:\2014\KWIKSCAF\KWIKSCAF2007\WIN32\DEBUG\COOLBUTTON.OBJ
E:\2014\KWIKSCAF\KWIKSCAF2007\WIN32\DEBUG\DOCDATA.OBJ
E:\2014\KWIKSCAF\KWIKSCAF2007\WIN32\DEBUG\DOUBLEARRAY.OBJ
E:\2014\KWIKSCAF\KWIKSCAF2007\WIN32\DEBUG\EDITSTANDARDSDLG.OBJ
E:\2014\KWIKSCAF\KWIKSCAF2007\WIN32\DEBUG\ENCRYPTION.OBJ
E:\2014\KWIKSCAF\KWIKSCAF2007\WIN32\DEBUG\ENTITY.OBJ
E:\2014\KWIKSCAF\KWIKSCAF2007\WIN32\DEBUG\ENTITYDEBUGGER.OBJ
E:\2014\KWIKSCAF\KWIKSCAF2007\WIN32\DEBUG\ENTITYREACTOR.OBJ
E:\2014\KWIKSCAF\KWIKSCAF2007\WIN32\DEBUG\FONTCOMBO.OBJ
E:\2014\KWIKSCAF\KWIKSCAF2007\WIN32\DEBUG\FREETIETUBE.OBJ
E:\2014\KWIKSCAF\KWIKSCAF2007\WIN32\DEBUG\GRAPHICTYPES.OBJ
E:\2014\KWIKSCAF\KWIKSCAF2007\WIN32\DEBUG\HELPABOUTDLG.OBJ
E:\2014\KWIKSCAF\KWIKSCAF2007\WIN32\DEBUG\INIREADER.OBJ
E:\2014\KWIKSCAF\KWIKSCAF2007\WIN32\DEBUG\JOBDESCRIPTIONINFO.OBJ
E:\2014\KWIKSCAF\KWIKSCAF2007\WIN32\DEBUG\JOBDETAILSDIALOG.OBJ
E:\2014\KWIKSCAF\KWIKSCAF2007\WIN32\DEBUG\KEYENCRYPTION.OBJ
E:\2014\KWIKSCAF\KWIKSCAF2007\WIN32\DEBUG\KWIK3DPOLYGONMESH.OBJ
E:\2014\KWIKSCAF\KWIKSCAF2007\WIN32\DEBUG\KWIKSCAF2007.OBJ
E:\2014\KWIKSCAF\KWIKSCAF2007\WIN32\DEBUG\KWIKSCAF2007.RES
E:\2014\KwikScaf\KwikScaf2007\Win32\Debug\KwikScaf2007.vcxprojResolveAssemblyReference.cache
E:\2014\KWIKSCAF\KWIKSCAF2007\WIN32\DEBUG\KWIKSCAF2013.PCH
E:\2014\KwikScaf\KwikScaf2007\Win32\Debug\KwikScaf2013.write.1.tlog
E:\2014\KWIKSCAF\KWIKSCAF2007\WIN32\DEBUG\KWIKSCAFBUTTON.OBJ
E:\2014\KWIKSCAF\KWIKSCAF2007\WIN32\DEBUG\KWIKSCAFCOLOURS.OBJ
E:\2014\KWIKSCAF\KWIKSCAF2007\WIN32\DEBUG\KWIKSCAFCOMPONENTEDITOR.OBJ
E:\2014\KWIKSCAF\KWIKSCAF2007\WIN32\DEBUG\KWIKSCAFDIALOG.OBJ
E:\2014\KWIKSCAF\KWIKSCAF2007\WIN32\DEBUG\KWIKSCAFLICENSING.OBJ
E:\2014\KWIKSCAF\KWIKSCAF2007\WIN32\DEBUG\KWIKSCAFPROGRESSDLG.OBJ
E:\2014\KWIKSCAF\KWIKSCAF2007\WIN32\DEBUG\LAPBOARDBAY.OBJ
E:\2014\KWIKSCAF\KWIKSCAF2007\WIN32\DEBUG\LEVELLIST.OBJ
E:\2014\KWIKSCAF\KWIKSCAF2007\WIN32\DEBUG\LIFT.OBJ
E:\2014\KWIKSCAF\KWIKSCAF2007\WIN32\DEBUG\LIFTDETAILSDIALOG.OBJ
E:\2014\KWIKSCAF\KWIKSCAF2007\WIN32\DEBUG\LIFTLIST.OBJ
E:\2014\KWIKSCAF\KWIKSCAF2007\WIN32\DEBUG\LINE.OBJ
E:\2014\KwikScaf\KwikScaf2007\Win32\Debug\link.8352.read.1.tlog
E:\2014\KwikScaf\KwikScaf2007\Win32\Debug\link.8352.write.1.tlog
E:\2014\KwikScaf\KwikScaf2007\Win32\Debug\link.8352-cvtres.read.1.tlog
E:\2014\KwikScaf\KwikScaf2007\Win32\Debug\link.8352-cvtres.write.1.tlog
E:\2014\KwikScaf\KwikScaf2007\Win32\Debug\link.command.1.tlog
E:\2014\KwikScaf\KwikScaf2007\Win32\Debug\link.read.1.tlog
E:\2014\KwikScaf\KwikScaf2007\Win32\Debug\link.write.1.tlog
E:\2014\KwikScaf\KwikScaf2007\Win32\Debug\link-cvtres.read.1.tlog
E:\2014\KwikScaf\KwikScaf2007\Win32\Debug\link-cvtres.write.1.tlog
E:\2014\KWIKSCAF\KWIKSCAF2007\WIN32\DEBUG\LISTCTRLPRINT.OBJ
E:\2014\KWIKSCAF\KWIKSCAF2007\WIN32\DEBUG\LISTPRINTPAGE1.OBJ
E:\2014\KWIKSCAF\KWIKSCAF2007\WIN32\DEBUG\LISTPRINTPAGE2.OBJ
E:\2014\KWIKSCAF\KWIKSCAF2007\WIN32\DEBUG\LISTPRINTSETUP.OBJ
E:\2014\KWIKSCAF\KWIKSCAF2007\WIN32\DEBUG\MATRIX.OBJ
E:\2014\KWIKSCAF\KWIKSCAF2007\WIN32\DEBUG\MATRIXELEMENT.OBJ
E:\2014\KWIKSCAF\KWIKSCAF2007\WIN32\DEBUG\MDIAWARE.OBJ
E:\2014\KWIKSCAF\KWIKSCAF2007\WIN32\DEBUG\MILLSSYSTEMBAYEDITOR.OBJ
E:\2014\KWIKSCAF\KWIKSCAF2007\WIN32\DEBUG\MSGBOXDLG.OBJ
E:\2014\KWIKSCAF\KWIKSCAF2007\WIN32\DEBUG\OBJECTPOSITION.OBJ
E:\2014\KWIKSCAF\KWIKSCAF2007\WIN32\DEBUG\PERROLLDIALOG.OBJ
E:\2014\KWIKSCAF\KWIKSCAF2007\WIN32\DEBUG\PREVIEWTEMPLATE.OBJ
E:\2014\KWIKSCAF\KWIKSCAF2007\WIN32\DEBUG\PRINTERJOB.OBJ
E:\2014\KWIKSCAF\KWIKSCAF2007\WIN32\DEBUG\PRINTSTATUS.OBJ
E:\2014\KwikScaf\KwikScaf2007\Win32\Debug\rc.command.1.tlog
E:\2014\KwikScaf\KwikScaf2007\Win32\Debug\rc.read.1.tlog
E:\2014\KwikScaf\KwikScaf2007\Win32\Debug\rc.write.1.tlog
E:\2014\KWIKSCAF\KWIKSCAF2007\WIN32\DEBUG\RUN.OBJ
E:\2014\KWIKSCAF\KWIKSCAF2007\WIN32\DEBUG\RUNPROPDIALOG.OBJ
E:\2014\KWIKSCAF\KWIKSCAF2007\WIN32\DEBUG\SCAFFOLDARCHIVE.OBJ
E:\2014\KWIKSCAF\KWIKSCAF2007\WIN32\DEBUG\SETSTAGESDLG.OBJ
E:\2014\KWIKSCAF\KWIKSCAF2007\WIN32\DEBUG\SHKINTERFACE.OBJ
E:\2014\KWIKSCAF\KWIKSCAF2007\WIN32\DEBUG\SHOWCOMPONENTTYPEDIALOG.OBJ
E:\2014\KWIKSCAF\KWIKSCAF2007\WIN32\DEBUG\STAGELEVELSHOWHIDEDLG.OBJ
E:\2014\KWIKSCAF\KWIKSCAF2007\WIN32\DEBUG\STAGELEVELVISIBLE.OBJ
E:\2014\KWIKSCAF\KWIKSCAF2007\WIN32\DEBUG\STANDARDHEIGHTPICKERDIALOG.OBJ
E:\2014\KWIKSCAF\KWIKSCAF2007\WIN32\DEBUG\STDAFX.OBJ
E:\2014\KWIKSCAF\KWIKSCAF2007\WIN32\DEBUG\STOCKLISTELEMENT.OBJ
E:\2014\KWIKSCAF\KWIKSCAF2007\WIN32\DEBUG\SUMMARYELEMENT.OBJ
E:\2014\KWIKSCAF\KWIKSCAF2007\WIN32\DEBUG\SUMMARYINFO.OBJ
E:\2014\KwikScaf\KwikScaf2007\Win32\Debug\vc100.idb
E:\2014\KWIKSCAF\KWIKSCAF2007\WIN32\DEBUG\VC100.PDB
E:\2014\KWIKSCAF\KWIKSCAF2007\WIN32\DEBUG\VISUALCOMPONENTS.OBJ
E:\2014\KwikScaf\Win32\Debug\KwikScaf2007.exp
E:\2014\KwikScaf\Win32\Debug\KwikScaf2007.lib
E:\2014\KWIKSCAF\WIN32\DEBUG\KWIKSCAF2007.PDB
E:\2014\KWIKSCAF\WIN32\DEBUG\KWIKSCAF2013.ARX
E:\2014\KWIKSCAF\WIN32\DEBUG\KWIKSCAF2013.ILK
