e:\2014\kwikscaf\kwikscaf2007\x64\debug\kwikscaf2013.pch
e:\2014\kwikscaf\kwikscaf2007\x64\debug\stdafx.obj
e:\2014\kwikscaf\kwikscaf2007\x64\debug\vc100.pdb
e:\2014\kwikscaf\kwikscaf2007\x64\debug\componentlist.obj
e:\2014\kwikscaf\kwikscaf2007\x64\debug\componenteditor.obj
e:\2014\kwikscaf\kwikscaf2007\x64\debug\componentdetails.obj
e:\2014\kwikscaf\kwikscaf2007\x64\debug\component.obj
e:\2014\kwikscaf\kwikscaf2007\x64\debug\changerldlg.obj
e:\2014\kwikscaf\kwikscaf2007\x64\debug\bomsummarydialog.obj
e:\2014\kwikscaf\kwikscaf2007\x64\debug\bomselectiondialog.obj
e:\2014\kwikscaf\kwikscaf2007\x64\debug\bomextra.obj
e:\2014\kwikscaf\kwikscaf2007\x64\debug\baystagelevel.obj
e:\2014\kwikscaf\kwikscaf2007\x64\debug\bayproptoolbarwnd.obj
e:\2014\kwikscaf\kwikscaf2007\x64\debug\baypropertiestoolbar.obj
e:\2014\kwikscaf\kwikscaf2007\x64\debug\baydetailsdialog.obj
e:\2014\kwikscaf\kwikscaf2007\x64\debug\bay.obj
e:\2014\kwikscaf\kwikscaf2007\x64\debug\autobuildtools.obj
e:\2014\kwikscaf\kwikscaf2007\x64\debug\autobuildtoolbar.obj
e:\2014\kwikscaf\kwikscaf2007\x64\debug\autobuildpropertieswnd.obj
e:\2014\kwikscaf\kwikscaf2007\x64\debug\autobuildpropertiestoolbar.obj
e:\2014\kwikscaf\kwikscaf2007\x64\debug\autobuilddialog.obj
e:\2014\kwikscaf\kwikscaf2007\x64\debug\assignstagedialog.obj
e:\2014\kwikscaf\kwikscaf2007\x64\debug\acrxentrypoint.obj
e:\2014\kwikscaf\kwikscaf2007\x64\debug\kwikscaf2007.obj
e:\2014\kwikscaf\kwikscaf2007\x64\debug\kwik3dpolygonmesh.obj
e:\2014\kwikscaf\kwikscaf2007\x64\debug\keyencryption.obj
e:\2014\kwikscaf\kwikscaf2007\x64\debug\jobdetailsdialog.obj
e:\2014\kwikscaf\kwikscaf2007\x64\debug\jobdescriptioninfo.obj
e:\2014\kwikscaf\kwikscaf2007\x64\debug\inireader.obj
e:\2014\kwikscaf\kwikscaf2007\x64\debug\helpaboutdlg.obj
e:\2014\kwikscaf\kwikscaf2007\x64\debug\graphictypes.obj
e:\2014\kwikscaf\kwikscaf2007\x64\debug\freetietube.obj
e:\2014\kwikscaf\kwikscaf2007\x64\debug\fontcombo.obj
e:\2014\kwikscaf\kwikscaf2007\x64\debug\entityreactor.obj
e:\2014\kwikscaf\kwikscaf2007\x64\debug\entitydebugger.obj
e:\2014\kwikscaf\kwikscaf2007\x64\debug\entity.obj
e:\2014\kwikscaf\kwikscaf2007\x64\debug\encryption.obj
e:\2014\kwikscaf\kwikscaf2007\x64\debug\editstandardsdlg.obj
e:\2014\kwikscaf\kwikscaf2007\x64\debug\doublearray.obj
e:\2014\kwikscaf\kwikscaf2007\x64\debug\docdata.obj
e:\2014\kwikscaf\kwikscaf2007\x64\debug\coolbutton.obj
e:\2014\kwikscaf\kwikscaf2007\x64\debug\controller.obj
e:\2014\kwikscaf\kwikscaf2007\x64\debug\componentpartnumberselectordlg.obj
e:\2014\kwikscaf\kwikscaf2007\x64\debug\millssystembayeditor.obj
e:\2014\kwikscaf\kwikscaf2007\x64\debug\mdiaware.obj
e:\2014\kwikscaf\kwikscaf2007\x64\debug\matrixelement.obj
e:\2014\kwikscaf\kwikscaf2007\x64\debug\matrix.obj
e:\2014\kwikscaf\kwikscaf2007\x64\debug\listprintsetup.obj
e:\2014\kwikscaf\kwikscaf2007\x64\debug\listprintpage2.obj
e:\2014\kwikscaf\kwikscaf2007\x64\debug\listprintpage1.obj
e:\2014\kwikscaf\kwikscaf2007\x64\debug\listctrlprint.obj
e:\2014\kwikscaf\kwikscaf2007\x64\debug\line.obj
e:\2014\kwikscaf\kwikscaf2007\x64\debug\liftlist.obj
e:\2014\kwikscaf\kwikscaf2007\x64\debug\liftdetailsdialog.obj
e:\2014\kwikscaf\kwikscaf2007\x64\debug\lift.obj
e:\2014\kwikscaf\kwikscaf2007\x64\debug\levellist.obj
e:\2014\kwikscaf\kwikscaf2007\x64\debug\lapboardbay.obj
e:\2014\kwikscaf\kwikscaf2007\x64\debug\kwikscafprogressdlg.obj
e:\2014\kwikscaf\kwikscaf2007\x64\debug\kwikscaflicensing.obj
e:\2014\kwikscaf\kwikscaf2007\x64\debug\kwikscafdialog.obj
e:\2014\kwikscaf\kwikscaf2007\x64\debug\kwikscafcomponenteditor.obj
e:\2014\kwikscaf\kwikscaf2007\x64\debug\kwikscafcolours.obj
e:\2014\kwikscaf\kwikscaf2007\x64\debug\kwikscafbutton.obj
e:\2014\kwikscaf\kwikscaf2007\x64\debug\visualcomponents.obj
e:\2014\kwikscaf\kwikscaf2007\x64\debug\summaryinfo.obj
e:\2014\kwikscaf\kwikscaf2007\x64\debug\summaryelement.obj
e:\2014\kwikscaf\kwikscaf2007\x64\debug\stocklistelement.obj
e:\2014\kwikscaf\kwikscaf2007\x64\debug\standardheightpickerdialog.obj
e:\2014\kwikscaf\kwikscaf2007\x64\debug\stagelevelvisible.obj
e:\2014\kwikscaf\kwikscaf2007\x64\debug\stagelevelshowhidedlg.obj
e:\2014\kwikscaf\kwikscaf2007\x64\debug\showcomponenttypedialog.obj
e:\2014\kwikscaf\kwikscaf2007\x64\debug\shkinterface.obj
e:\2014\kwikscaf\kwikscaf2007\x64\debug\setstagesdlg.obj
e:\2014\kwikscaf\kwikscaf2007\x64\debug\scaffoldarchive.obj
e:\2014\kwikscaf\kwikscaf2007\x64\debug\runpropdialog.obj
e:\2014\kwikscaf\kwikscaf2007\x64\debug\run.obj
e:\2014\kwikscaf\kwikscaf2007\x64\debug\printstatus.obj
e:\2014\kwikscaf\kwikscaf2007\x64\debug\printerjob.obj
e:\2014\kwikscaf\kwikscaf2007\x64\debug\previewtemplate.obj
e:\2014\kwikscaf\kwikscaf2007\x64\debug\perrolldialog.obj
e:\2014\kwikscaf\kwikscaf2007\x64\debug\objectposition.obj
e:\2014\kwikscaf\kwikscaf2007\x64\debug\msgboxdlg.obj
e:\2014\kwikscaf\x64\debug\kwikscaf2013.lib
e:\2014\kwikscaf\x64\debug\kwikscaf2013.exp
e:\2014\kwikscaf\x64\debug\kwikscaf2013.ilk
e:\2014\kwikscaf\x64\debug\kwikscaf2013.arx
e:\2014\kwikscaf\x64\debug\kwikscaf2013.pdb
e:\2014\kwikscaf\kwikscaf2007\x64\debug\kwikscaf2007.res
e:\ak@dev27\kwikscaf\kwikscaf2007\x64\debug\kwikscaf2007.vcxprojresolveassemblyreference.cache
e:\ak@dev27\kwikscaf\kwikscaf2007\x64\debug\acrxentrypoint.obj
e:\ak@dev27\kwikscaf\kwikscaf2007\x64\debug\assignstagedialog.obj
e:\ak@dev27\kwikscaf\kwikscaf2007\x64\debug\autobuilddialog.obj
e:\ak@dev27\kwikscaf\kwikscaf2007\x64\debug\autobuildpropertiestoolbar.obj
e:\ak@dev27\kwikscaf\kwikscaf2007\x64\debug\autobuildpropertieswnd.obj
e:\ak@dev27\kwikscaf\kwikscaf2007\x64\debug\autobuildtoolbar.obj
e:\ak@dev27\kwikscaf\kwikscaf2007\x64\debug\autobuildtools.obj
e:\ak@dev27\kwikscaf\kwikscaf2007\x64\debug\bay.obj
e:\ak@dev27\kwikscaf\kwikscaf2007\x64\debug\baydetailsdialog.obj
e:\ak@dev27\kwikscaf\kwikscaf2007\x64\debug\baypropertiestoolbar.obj
e:\ak@dev27\kwikscaf\kwikscaf2007\x64\debug\bayproptoolbarwnd.obj
e:\ak@dev27\kwikscaf\kwikscaf2007\x64\debug\baystagelevel.obj
e:\ak@dev27\kwikscaf\kwikscaf2007\x64\debug\bomextra.obj
e:\ak@dev27\kwikscaf\kwikscaf2007\x64\debug\bomselectiondialog.obj
e:\ak@dev27\kwikscaf\kwikscaf2007\x64\debug\bomsummarydialog.obj
e:\ak@dev27\kwikscaf\kwikscaf2007\x64\debug\changerldlg.obj
e:\ak@dev27\kwikscaf\kwikscaf2007\x64\debug\component.obj
e:\ak@dev27\kwikscaf\kwikscaf2007\x64\debug\componentdetails.obj
e:\ak@dev27\kwikscaf\kwikscaf2007\x64\debug\componenteditor.obj
e:\ak@dev27\kwikscaf\kwikscaf2007\x64\debug\componentlist.obj
e:\ak@dev27\kwikscaf\kwikscaf2007\x64\debug\componentpartnumberselectordlg.obj
e:\ak@dev27\kwikscaf\kwikscaf2007\x64\debug\controller.obj
e:\ak@dev27\kwikscaf\kwikscaf2007\x64\debug\coolbutton.obj
e:\ak@dev27\kwikscaf\kwikscaf2007\x64\debug\docdata.obj
e:\ak@dev27\kwikscaf\kwikscaf2007\x64\debug\doublearray.obj
e:\ak@dev27\kwikscaf\kwikscaf2007\x64\debug\editstandardsdlg.obj
e:\ak@dev27\kwikscaf\kwikscaf2007\x64\debug\encryption.obj
e:\ak@dev27\kwikscaf\kwikscaf2007\x64\debug\entity.obj
e:\ak@dev27\kwikscaf\kwikscaf2007\x64\debug\entitydebugger.obj
e:\ak@dev27\kwikscaf\kwikscaf2007\x64\debug\entityreactor.obj
e:\ak@dev27\kwikscaf\kwikscaf2007\x64\debug\fontcombo.obj
e:\ak@dev27\kwikscaf\kwikscaf2007\x64\debug\freetietube.obj
e:\ak@dev27\kwikscaf\kwikscaf2007\x64\debug\graphictypes.obj
e:\ak@dev27\kwikscaf\kwikscaf2007\x64\debug\helpaboutdlg.obj
e:\ak@dev27\kwikscaf\kwikscaf2007\x64\debug\inireader.obj
e:\ak@dev27\kwikscaf\kwikscaf2007\x64\debug\jobdescriptioninfo.obj
e:\ak@dev27\kwikscaf\kwikscaf2007\x64\debug\jobdetailsdialog.obj
e:\ak@dev27\kwikscaf\kwikscaf2007\x64\debug\keyencryption.obj
e:\ak@dev27\kwikscaf\kwikscaf2007\x64\debug\kwik3dpolygonmesh.obj
e:\ak@dev27\kwikscaf\kwikscaf2007\x64\debug\kwikscaf2007.obj
e:\ak@dev27\kwikscaf\kwikscaf2007\x64\debug\kwikscafbutton.obj
e:\ak@dev27\kwikscaf\kwikscaf2007\x64\debug\kwikscafcolours.obj
e:\ak@dev27\kwikscaf\kwikscaf2007\x64\debug\kwikscafcomponenteditor.obj
e:\ak@dev27\kwikscaf\kwikscaf2007\x64\debug\kwikscafdialog.obj
e:\ak@dev27\kwikscaf\kwikscaf2007\x64\debug\kwikscaflicensing.obj
e:\ak@dev27\kwikscaf\kwikscaf2007\x64\debug\kwikscafprogressdlg.obj
e:\ak@dev27\kwikscaf\kwikscaf2007\x64\debug\lapboardbay.obj
e:\ak@dev27\kwikscaf\kwikscaf2007\x64\debug\levellist.obj
e:\ak@dev27\kwikscaf\kwikscaf2007\x64\debug\lift.obj
e:\ak@dev27\kwikscaf\kwikscaf2007\x64\debug\liftdetailsdialog.obj
e:\ak@dev27\kwikscaf\kwikscaf2007\x64\debug\liftlist.obj
e:\ak@dev27\kwikscaf\kwikscaf2007\x64\debug\line.obj
e:\ak@dev27\kwikscaf\kwikscaf2007\x64\debug\listctrlprint.obj
e:\ak@dev27\kwikscaf\kwikscaf2007\x64\debug\listprintpage1.obj
e:\ak@dev27\kwikscaf\kwikscaf2007\x64\debug\listprintpage2.obj
e:\ak@dev27\kwikscaf\kwikscaf2007\x64\debug\listprintsetup.obj
e:\ak@dev27\kwikscaf\kwikscaf2007\x64\debug\matrix.obj
e:\ak@dev27\kwikscaf\kwikscaf2007\x64\debug\matrixelement.obj
e:\ak@dev27\kwikscaf\kwikscaf2007\x64\debug\mdiaware.obj
e:\ak@dev27\kwikscaf\kwikscaf2007\x64\debug\millssystembayeditor.obj
e:\ak@dev27\kwikscaf\kwikscaf2007\x64\debug\msgboxdlg.obj
e:\ak@dev27\kwikscaf\kwikscaf2007\x64\debug\objectposition.obj
e:\ak@dev27\kwikscaf\kwikscaf2007\x64\debug\perrolldialog.obj
e:\ak@dev27\kwikscaf\kwikscaf2007\x64\debug\previewtemplate.obj
e:\ak@dev27\kwikscaf\kwikscaf2007\x64\debug\printerjob.obj
e:\ak@dev27\kwikscaf\kwikscaf2007\x64\debug\printstatus.obj
e:\ak@dev27\kwikscaf\kwikscaf2007\x64\debug\run.obj
e:\ak@dev27\kwikscaf\kwikscaf2007\x64\debug\runpropdialog.obj
e:\ak@dev27\kwikscaf\kwikscaf2007\x64\debug\scaffoldarchive.obj
e:\ak@dev27\kwikscaf\kwikscaf2007\x64\debug\setstagesdlg.obj
e:\ak@dev27\kwikscaf\kwikscaf2007\x64\debug\shkinterface.obj
e:\ak@dev27\kwikscaf\kwikscaf2007\x64\debug\showcomponenttypedialog.obj
e:\ak@dev27\kwikscaf\kwikscaf2007\x64\debug\stagelevelshowhidedlg.obj
e:\ak@dev27\kwikscaf\kwikscaf2007\x64\debug\stagelevelvisible.obj
e:\ak@dev27\kwikscaf\kwikscaf2007\x64\debug\standardheightpickerdialog.obj
e:\ak@dev27\kwikscaf\kwikscaf2007\x64\debug\stdafx.obj
e:\ak@dev27\kwikscaf\kwikscaf2007\x64\debug\stocklistelement.obj
e:\ak@dev27\kwikscaf\kwikscaf2007\x64\debug\summaryelement.obj
e:\ak@dev27\kwikscaf\kwikscaf2007\x64\debug\summaryinfo.obj
e:\ak@dev27\kwikscaf\kwikscaf2007\x64\debug\visualcomponents.obj
e:\ak@dev27\kwikscaf\kwikscaf2007\x64\debug\cl.command.1.tlog
e:\ak@dev27\kwikscaf\kwikscaf2007\x64\debug\cl.read.1.tlog
e:\ak@dev27\kwikscaf\kwikscaf2007\x64\debug\cl.write.1.tlog
e:\ak@dev27\kwikscaf\kwikscaf2007\x64\debug\kwikscaf2013.write.1.tlog
e:\ak@dev27\kwikscaf\kwikscaf2007\x64\debug\link-cvtres.read.1.tlog
e:\ak@dev27\kwikscaf\kwikscaf2007\x64\debug\link-cvtres.write.1.tlog
e:\ak@dev27\kwikscaf\kwikscaf2007\x64\debug\link.6528-cvtres.read.1.tlog
e:\ak@dev27\kwikscaf\kwikscaf2007\x64\debug\link.6528-cvtres.write.1.tlog
e:\ak@dev27\kwikscaf\kwikscaf2007\x64\debug\link.6528.read.1.tlog
e:\ak@dev27\kwikscaf\kwikscaf2007\x64\debug\link.6528.write.1.tlog
e:\ak@dev27\kwikscaf\kwikscaf2007\x64\debug\link.8584-cvtres.read.1.tlog
e:\ak@dev27\kwikscaf\kwikscaf2007\x64\debug\link.8584-cvtres.write.1.tlog
e:\ak@dev27\kwikscaf\kwikscaf2007\x64\debug\link.8584.read.1.tlog
e:\ak@dev27\kwikscaf\kwikscaf2007\x64\debug\link.8584.write.1.tlog
e:\ak@dev27\kwikscaf\kwikscaf2007\x64\debug\link.command.1.tlog
e:\ak@dev27\kwikscaf\kwikscaf2007\x64\debug\link.read.1.tlog
e:\ak@dev27\kwikscaf\kwikscaf2007\x64\debug\link.write.1.tlog
e:\ak@dev27\kwikscaf\kwikscaf2007\x64\debug\rc.command.1.tlog
e:\ak@dev27\kwikscaf\kwikscaf2007\x64\debug\rc.read.1.tlog
e:\ak@dev27\kwikscaf\kwikscaf2007\x64\debug\rc.write.1.tlog
e:\ak@dev27\kwikscaf\kwikscaf2007\x64\debug\kwikscaf2007.res
e:\ak@dev27\kwikscaf\kwikscaf2007\x64\debug\vc100.pdb
e:\ak@dev27\kwikscaf\kwikscaf2007\x64\debug\vc140.pdb
e:\ak@dev27\kwikscaf\x64\debug\kwikscaf2013.pdb
e:\ak@dev27\kwikscaf\x64\debug\kwikscaf2013.ilk
e:\ak@dev27\kwikscaf\kwikscaf2007\x64\debug\kwikscaf2013.tlog\cl.command.1.tlog
