D:\2013\PROJECTS\KWIKSCAF\KWIKSCAF2007-19-07-2013\KWIKSCAF2007\WIN32\DEBUG\ACRXENTRYPOINT.OBJ
D:\2013\PROJECTS\KWIKSCAF\KWIKSCAF2007-19-07-2013\KWIKSCAF2007\WIN32\DEBUG\ASSIGNSTAGEDIALOG.OBJ
D:\2013\PROJECTS\KWIKSCAF\KWIKSCAF2007-19-07-2013\KWIKSCAF2007\WIN32\DEBUG\AUTOBUILDDIALOG.OBJ
D:\2013\PROJECTS\KWIKSCAF\KWIKSCAF2007-19-07-2013\KWIKSCAF2007\WIN32\DEBUG\AUTOBUILDPROPERTIESTOOLBAR.OBJ
D:\2013\PROJECTS\KWIKSCAF\KWIKSCAF2007-19-07-2013\KWIKSCAF2007\WIN32\DEBUG\AUTOBUILDPROPERTIESWND.OBJ
D:\2013\PROJECTS\KWIKSCAF\KWIKSCAF2007-19-07-2013\KWIKSCAF2007\WIN32\DEBUG\AUTOBUILDTOOLBAR.OBJ
D:\2013\PROJECTS\KWIKSCAF\KWIKSCAF2007-19-07-2013\KWIKSCAF2007\WIN32\DEBUG\AUTOBUILDTOOLS.OBJ
D:\2013\PROJECTS\KWIKSCAF\KWIKSCAF2007-19-07-2013\KWIKSCAF2007\WIN32\DEBUG\BAY.OBJ
D:\2013\PROJECTS\KWIKSCAF\KWIKSCAF2007-19-07-2013\KWIKSCAF2007\WIN32\DEBUG\BAYDETAILSDIALOG.OBJ
D:\2013\PROJECTS\KWIKSCAF\KWIKSCAF2007-19-07-2013\KWIKSCAF2007\WIN32\DEBUG\BAYPROPERTIESTOOLBAR.OBJ
D:\2013\PROJECTS\KWIKSCAF\KWIKSCAF2007-19-07-2013\KWIKSCAF2007\WIN32\DEBUG\BAYPROPTOOLBARWND.OBJ
D:\2013\PROJECTS\KWIKSCAF\KWIKSCAF2007-19-07-2013\KWIKSCAF2007\WIN32\DEBUG\BAYSTAGELEVEL.OBJ
D:\2013\PROJECTS\KWIKSCAF\KWIKSCAF2007-19-07-2013\KWIKSCAF2007\WIN32\DEBUG\BOMEXTRA.OBJ
D:\2013\PROJECTS\KWIKSCAF\KWIKSCAF2007-19-07-2013\KWIKSCAF2007\WIN32\DEBUG\BOMSELECTIONDIALOG.OBJ
D:\2013\PROJECTS\KWIKSCAF\KWIKSCAF2007-19-07-2013\KWIKSCAF2007\WIN32\DEBUG\BOMSUMMARYDIALOG.OBJ
D:\2013\PROJECTS\KWIKSCAF\KWIKSCAF2007-19-07-2013\KWIKSCAF2007\WIN32\DEBUG\CHANGERLDLG.OBJ
D:\2013\Projects\Kwikscaf\KwikScaf2007-19-07-2013\KwikScaf2007\Win32\Debug\cl.command.1.tlog
D:\2013\Projects\Kwikscaf\KwikScaf2007-19-07-2013\KwikScaf2007\Win32\Debug\CL.read.1.tlog
D:\2013\Projects\Kwikscaf\KwikScaf2007-19-07-2013\KwikScaf2007\Win32\Debug\CL.write.1.tlog
D:\2013\PROJECTS\KWIKSCAF\KWIKSCAF2007-19-07-2013\KWIKSCAF2007\WIN32\DEBUG\COMPONENT.OBJ
D:\2013\PROJECTS\KWIKSCAF\KWIKSCAF2007-19-07-2013\KWIKSCAF2007\WIN32\DEBUG\COMPONENTDETAILS.OBJ
D:\2013\PROJECTS\KWIKSCAF\KWIKSCAF2007-19-07-2013\KWIKSCAF2007\WIN32\DEBUG\COMPONENTEDITOR.OBJ
D:\2013\PROJECTS\KWIKSCAF\KWIKSCAF2007-19-07-2013\KWIKSCAF2007\WIN32\DEBUG\COMPONENTLIST.OBJ
D:\2013\PROJECTS\KWIKSCAF\KWIKSCAF2007-19-07-2013\KWIKSCAF2007\WIN32\DEBUG\COMPONENTPARTNUMBERSELECTORDLG.OBJ
D:\2013\PROJECTS\KWIKSCAF\KWIKSCAF2007-19-07-2013\KWIKSCAF2007\WIN32\DEBUG\CONTROLLER.OBJ
D:\2013\PROJECTS\KWIKSCAF\KWIKSCAF2007-19-07-2013\KWIKSCAF2007\WIN32\DEBUG\COOLBUTTON.OBJ
D:\2013\PROJECTS\KWIKSCAF\KWIKSCAF2007-19-07-2013\KWIKSCAF2007\WIN32\DEBUG\DOCDATA.OBJ
D:\2013\PROJECTS\KWIKSCAF\KWIKSCAF2007-19-07-2013\KWIKSCAF2007\WIN32\DEBUG\DOUBLEARRAY.OBJ
D:\2013\PROJECTS\KWIKSCAF\KWIKSCAF2007-19-07-2013\KWIKSCAF2007\WIN32\DEBUG\EDITSTANDARDSDLG.OBJ
D:\2013\PROJECTS\KWIKSCAF\KWIKSCAF2007-19-07-2013\KWIKSCAF2007\WIN32\DEBUG\ENTITY.OBJ
D:\2013\PROJECTS\KWIKSCAF\KWIKSCAF2007-19-07-2013\KWIKSCAF2007\WIN32\DEBUG\ENTITYDEBUGGER.OBJ
D:\2013\PROJECTS\KWIKSCAF\KWIKSCAF2007-19-07-2013\KWIKSCAF2007\WIN32\DEBUG\ENTITYREACTOR.OBJ
D:\2013\PROJECTS\KWIKSCAF\KWIKSCAF2007-19-07-2013\KWIKSCAF2007\WIN32\DEBUG\FONTCOMBO.OBJ
D:\2013\PROJECTS\KWIKSCAF\KWIKSCAF2007-19-07-2013\KWIKSCAF2007\WIN32\DEBUG\FREETIETUBE.OBJ
D:\2013\PROJECTS\KWIKSCAF\KWIKSCAF2007-19-07-2013\KWIKSCAF2007\WIN32\DEBUG\GRAPHICTYPES.OBJ
D:\2013\PROJECTS\KWIKSCAF\KWIKSCAF2007-19-07-2013\KWIKSCAF2007\WIN32\DEBUG\HELPABOUTDLG.OBJ
D:\2013\PROJECTS\KWIKSCAF\KWIKSCAF2007-19-07-2013\KWIKSCAF2007\WIN32\DEBUG\JOBDESCRIPTIONINFO.OBJ
D:\2013\PROJECTS\KWIKSCAF\KWIKSCAF2007-19-07-2013\KWIKSCAF2007\WIN32\DEBUG\JOBDETAILSDIALOG.OBJ
D:\2013\PROJECTS\KWIKSCAF\KWIKSCAF2007-19-07-2013\KWIKSCAF2007\WIN32\DEBUG\KWIK3DPOLYGONMESH.OBJ
D:\2013\PROJECTS\KWIKSCAF\KWIKSCAF2007-19-07-2013\KWIKSCAF2007\WIN32\DEBUG\KWIKSCAF2007.OBJ
D:\2013\PROJECTS\KWIKSCAF\KWIKSCAF2007-19-07-2013\KWIKSCAF2007\WIN32\DEBUG\KWIKSCAF2007.PCH
D:\2013\PROJECTS\KWIKSCAF\KWIKSCAF2007-19-07-2013\KWIKSCAF2007\WIN32\DEBUG\KWIKSCAF2007.RES
D:\2013\Projects\Kwikscaf\KwikScaf2007-19-07-2013\KwikScaf2007\Win32\Debug\KwikScaf2007.write.1.tlog
D:\2013\PROJECTS\KWIKSCAF\KWIKSCAF2007-19-07-2013\KWIKSCAF2007\WIN32\DEBUG\KWIKSCAFBUTTON.OBJ
D:\2013\PROJECTS\KWIKSCAF\KWIKSCAF2007-19-07-2013\KWIKSCAF2007\WIN32\DEBUG\KWIKSCAFCOLOURS.OBJ
D:\2013\PROJECTS\KWIKSCAF\KWIKSCAF2007-19-07-2013\KWIKSCAF2007\WIN32\DEBUG\KWIKSCAFCOMPONENTEDITOR.OBJ
D:\2013\PROJECTS\KWIKSCAF\KWIKSCAF2007-19-07-2013\KWIKSCAF2007\WIN32\DEBUG\KWIKSCAFDIALOG.OBJ
D:\2013\PROJECTS\KWIKSCAF\KWIKSCAF2007-19-07-2013\KWIKSCAF2007\WIN32\DEBUG\KWIKSCAFPROGRESSDLG.OBJ
D:\2013\PROJECTS\KWIKSCAF\KWIKSCAF2007-19-07-2013\KWIKSCAF2007\WIN32\DEBUG\LAPBOARDBAY.OBJ
D:\2013\PROJECTS\KWIKSCAF\KWIKSCAF2007-19-07-2013\KWIKSCAF2007\WIN32\DEBUG\LEVELLIST.OBJ
D:\2013\PROJECTS\KWIKSCAF\KWIKSCAF2007-19-07-2013\KWIKSCAF2007\WIN32\DEBUG\LIFT.OBJ
D:\2013\PROJECTS\KWIKSCAF\KWIKSCAF2007-19-07-2013\KWIKSCAF2007\WIN32\DEBUG\LIFTDETAILSDIALOG.OBJ
D:\2013\PROJECTS\KWIKSCAF\KWIKSCAF2007-19-07-2013\KWIKSCAF2007\WIN32\DEBUG\LIFTLIST.OBJ
D:\2013\PROJECTS\KWIKSCAF\KWIKSCAF2007-19-07-2013\KWIKSCAF2007\WIN32\DEBUG\LINE.OBJ
D:\2013\Projects\Kwikscaf\KwikScaf2007-19-07-2013\KwikScaf2007\Win32\Debug\link.command.1.tlog
D:\2013\Projects\Kwikscaf\KwikScaf2007-19-07-2013\KwikScaf2007\Win32\Debug\link.read.1.tlog
D:\2013\Projects\Kwikscaf\KwikScaf2007-19-07-2013\KwikScaf2007\Win32\Debug\link.write.1.tlog
D:\2013\PROJECTS\KWIKSCAF\KWIKSCAF2007-19-07-2013\KWIKSCAF2007\WIN32\DEBUG\LISTCTRLPRINT.OBJ
D:\2013\PROJECTS\KWIKSCAF\KWIKSCAF2007-19-07-2013\KWIKSCAF2007\WIN32\DEBUG\LISTPRINTPAGE1.OBJ
D:\2013\PROJECTS\KWIKSCAF\KWIKSCAF2007-19-07-2013\KWIKSCAF2007\WIN32\DEBUG\LISTPRINTPAGE2.OBJ
D:\2013\PROJECTS\KWIKSCAF\KWIKSCAF2007-19-07-2013\KWIKSCAF2007\WIN32\DEBUG\LISTPRINTSETUP.OBJ
D:\2013\PROJECTS\KWIKSCAF\KWIKSCAF2007-19-07-2013\KWIKSCAF2007\WIN32\DEBUG\MATRIX.OBJ
D:\2013\PROJECTS\KWIKSCAF\KWIKSCAF2007-19-07-2013\KWIKSCAF2007\WIN32\DEBUG\MATRIXELEMENT.OBJ
D:\2013\PROJECTS\KWIKSCAF\KWIKSCAF2007-19-07-2013\KWIKSCAF2007\WIN32\DEBUG\MDIAWARE.OBJ
D:\2013\PROJECTS\KWIKSCAF\KWIKSCAF2007-19-07-2013\KWIKSCAF2007\WIN32\DEBUG\MILLSSYSTEMBAYEDITOR.OBJ
D:\2013\PROJECTS\KWIKSCAF\KWIKSCAF2007-19-07-2013\KWIKSCAF2007\WIN32\DEBUG\OBJECTPOSITION.OBJ
D:\2013\PROJECTS\KWIKSCAF\KWIKSCAF2007-19-07-2013\KWIKSCAF2007\WIN32\DEBUG\PERROLLDIALOG.OBJ
D:\2013\PROJECTS\KWIKSCAF\KWIKSCAF2007-19-07-2013\KWIKSCAF2007\WIN32\DEBUG\PREVIEWTEMPLATE.OBJ
D:\2013\PROJECTS\KWIKSCAF\KWIKSCAF2007-19-07-2013\KWIKSCAF2007\WIN32\DEBUG\PRINTERJOB.OBJ
D:\2013\PROJECTS\KWIKSCAF\KWIKSCAF2007-19-07-2013\KWIKSCAF2007\WIN32\DEBUG\PRINTSTATUS.OBJ
D:\2013\Projects\Kwikscaf\KwikScaf2007-19-07-2013\KwikScaf2007\Win32\Debug\rc.command.1.tlog
D:\2013\Projects\Kwikscaf\KwikScaf2007-19-07-2013\KwikScaf2007\Win32\Debug\rc.read.1.tlog
D:\2013\Projects\Kwikscaf\KwikScaf2007-19-07-2013\KwikScaf2007\Win32\Debug\rc.write.1.tlog
D:\2013\PROJECTS\KWIKSCAF\KWIKSCAF2007-19-07-2013\KWIKSCAF2007\WIN32\DEBUG\RUN.OBJ
D:\2013\PROJECTS\KWIKSCAF\KWIKSCAF2007-19-07-2013\KWIKSCAF2007\WIN32\DEBUG\RUNPROPDIALOG.OBJ
D:\2013\PROJECTS\KWIKSCAF\KWIKSCAF2007-19-07-2013\KWIKSCAF2007\WIN32\DEBUG\SCAFFOLDARCHIVE.OBJ
D:\2013\PROJECTS\KWIKSCAF\KWIKSCAF2007-19-07-2013\KWIKSCAF2007\WIN32\DEBUG\SETSTAGESDLG.OBJ
D:\2013\PROJECTS\KWIKSCAF\KWIKSCAF2007-19-07-2013\KWIKSCAF2007\WIN32\DEBUG\SHKINTERFACE.OBJ
D:\2013\PROJECTS\KWIKSCAF\KWIKSCAF2007-19-07-2013\KWIKSCAF2007\WIN32\DEBUG\SHOWCOMPONENTTYPEDIALOG.OBJ
D:\2013\PROJECTS\KWIKSCAF\KWIKSCAF2007-19-07-2013\KWIKSCAF2007\WIN32\DEBUG\STAGELEVELSHOWHIDEDLG.OBJ
D:\2013\PROJECTS\KWIKSCAF\KWIKSCAF2007-19-07-2013\KWIKSCAF2007\WIN32\DEBUG\STAGELEVELVISIBLE.OBJ
D:\2013\PROJECTS\KWIKSCAF\KWIKSCAF2007-19-07-2013\KWIKSCAF2007\WIN32\DEBUG\STANDARDHEIGHTPICKERDIALOG.OBJ
D:\2013\PROJECTS\KWIKSCAF\KWIKSCAF2007-19-07-2013\KWIKSCAF2007\WIN32\DEBUG\STDAFX.OBJ
D:\2013\PROJECTS\KWIKSCAF\KWIKSCAF2007-19-07-2013\KWIKSCAF2007\WIN32\DEBUG\STOCKLISTELEMENT.OBJ
D:\2013\PROJECTS\KWIKSCAF\KWIKSCAF2007-19-07-2013\KWIKSCAF2007\WIN32\DEBUG\SUMMARYELEMENT.OBJ
D:\2013\PROJECTS\KWIKSCAF\KWIKSCAF2007-19-07-2013\KWIKSCAF2007\WIN32\DEBUG\SUMMARYINFO.OBJ
D:\2013\Projects\Kwikscaf\KwikScaf2007-19-07-2013\KwikScaf2007\Win32\Debug\vc100.idb
D:\2013\PROJECTS\KWIKSCAF\KWIKSCAF2007-19-07-2013\KWIKSCAF2007\WIN32\DEBUG\VC100.PDB
D:\2013\PROJECTS\KWIKSCAF\KWIKSCAF2007-19-07-2013\KWIKSCAF2007\WIN32\DEBUG\VISUALCOMPONENTS.OBJ
