D:\2013\PROJECTS\KWIKSCAF\KWIKSCAF2013-14-11-2013\64BIT\KWIKSCAF\KWIKSCAF2007\X64\DEBUG\ACRXENTRYPOINT.OBJ
D:\2013\PROJECTS\KWIKSCAF\KWIKSCAF2013-14-11-2013\64BIT\KWIKSCAF\KWIKSCAF2007\X64\DEBUG\ASSIGNSTAGEDIALOG.OBJ
D:\2013\PROJECTS\KWIKSCAF\KWIKSCAF2013-14-11-2013\64BIT\KWIKSCAF\KWIKSCAF2007\X64\DEBUG\AUTOBUILDDIALOG.OBJ
D:\2013\PROJECTS\KWIKSCAF\KWIKSCAF2013-14-11-2013\64BIT\KWIKSCAF\KWIKSCAF2007\X64\DEBUG\AUTOBUILDPROPERTIESTOOLBAR.OBJ
D:\2013\PROJECTS\KWIKSCAF\KWIKSCAF2013-14-11-2013\64BIT\KWIKSCAF\KWIKSCAF2007\X64\DEBUG\AUTOBUILDPROPERTIESWND.OBJ
D:\2013\PROJECTS\KWIKSCAF\KWIKSCAF2013-14-11-2013\64BIT\KWIKSCAF\KWIKSCAF2007\X64\DEBUG\AUTOBUILDTOOLBAR.OBJ
D:\2013\PROJECTS\KWIKSCAF\KWIKSCAF2013-14-11-2013\64BIT\KWIKSCAF\KWIKSCAF2007\X64\DEBUG\AUTOBUILDTOOLS.OBJ
D:\2013\PROJECTS\KWIKSCAF\KWIKSCAF2013-14-11-2013\64BIT\KWIKSCAF\KWIKSCAF2007\X64\DEBUG\BAY.OBJ
D:\2013\PROJECTS\KWIKSCAF\KWIKSCAF2013-14-11-2013\64BIT\KWIKSCAF\KWIKSCAF2007\X64\DEBUG\BAYDETAILSDIALOG.OBJ
D:\2013\PROJECTS\KWIKSCAF\KWIKSCAF2013-14-11-2013\64BIT\KWIKSCAF\KWIKSCAF2007\X64\DEBUG\BAYPROPERTIESTOOLBAR.OBJ
D:\2013\PROJECTS\KWIKSCAF\KWIKSCAF2013-14-11-2013\64BIT\KWIKSCAF\KWIKSCAF2007\X64\DEBUG\BAYPROPTOOLBARWND.OBJ
D:\2013\PROJECTS\KWIKSCAF\KWIKSCAF2013-14-11-2013\64BIT\KWIKSCAF\KWIKSCAF2007\X64\DEBUG\BAYSTAGELEVEL.OBJ
D:\2013\PROJECTS\KWIKSCAF\KWIKSCAF2013-14-11-2013\64BIT\KWIKSCAF\KWIKSCAF2007\X64\DEBUG\BOMEXTRA.OBJ
D:\2013\PROJECTS\KWIKSCAF\KWIKSCAF2013-14-11-2013\64BIT\KWIKSCAF\KWIKSCAF2007\X64\DEBUG\BOMSELECTIONDIALOG.OBJ
D:\2013\PROJECTS\KWIKSCAF\KWIKSCAF2013-14-11-2013\64BIT\KWIKSCAF\KWIKSCAF2007\X64\DEBUG\BOMSUMMARYDIALOG.OBJ
D:\2013\PROJECTS\KWIKSCAF\KWIKSCAF2013-14-11-2013\64BIT\KWIKSCAF\KWIKSCAF2007\X64\DEBUG\CHANGERLDLG.OBJ
D:\2013\Projects\Kwikscaf\KwikScaf2013-14-11-2013\64Bit\KwikScaf\KwikScaf2007\x64\Debug\cl.command.1.tlog
D:\2013\Projects\Kwikscaf\KwikScaf2013-14-11-2013\64Bit\KwikScaf\KwikScaf2007\x64\Debug\CL.read.1.tlog
D:\2013\Projects\Kwikscaf\KwikScaf2013-14-11-2013\64Bit\KwikScaf\KwikScaf2007\x64\Debug\CL.write.1.tlog
D:\2013\PROJECTS\KWIKSCAF\KWIKSCAF2013-14-11-2013\64BIT\KWIKSCAF\KWIKSCAF2007\X64\DEBUG\COMPONENT.OBJ
D:\2013\PROJECTS\KWIKSCAF\KWIKSCAF2013-14-11-2013\64BIT\KWIKSCAF\KWIKSCAF2007\X64\DEBUG\COMPONENTDETAILS.OBJ
D:\2013\PROJECTS\KWIKSCAF\KWIKSCAF2013-14-11-2013\64BIT\KWIKSCAF\KWIKSCAF2007\X64\DEBUG\COMPONENTEDITOR.OBJ
D:\2013\PROJECTS\KWIKSCAF\KWIKSCAF2013-14-11-2013\64BIT\KWIKSCAF\KWIKSCAF2007\X64\DEBUG\COMPONENTLIST.OBJ
D:\2013\PROJECTS\KWIKSCAF\KWIKSCAF2013-14-11-2013\64BIT\KWIKSCAF\KWIKSCAF2007\X64\DEBUG\COMPONENTPARTNUMBERSELECTORDLG.OBJ
D:\2013\PROJECTS\KWIKSCAF\KWIKSCAF2013-14-11-2013\64BIT\KWIKSCAF\KWIKSCAF2007\X64\DEBUG\CONTROLLER.OBJ
D:\2013\PROJECTS\KWIKSCAF\KWIKSCAF2013-14-11-2013\64BIT\KWIKSCAF\KWIKSCAF2007\X64\DEBUG\COOLBUTTON.OBJ
D:\2013\PROJECTS\KWIKSCAF\KWIKSCAF2013-14-11-2013\64BIT\KWIKSCAF\KWIKSCAF2007\X64\DEBUG\DOCDATA.OBJ
D:\2013\PROJECTS\KWIKSCAF\KWIKSCAF2013-14-11-2013\64BIT\KWIKSCAF\KWIKSCAF2007\X64\DEBUG\DOUBLEARRAY.OBJ
D:\2013\PROJECTS\KWIKSCAF\KWIKSCAF2013-14-11-2013\64BIT\KWIKSCAF\KWIKSCAF2007\X64\DEBUG\EDITSTANDARDSDLG.OBJ
D:\2013\PROJECTS\KWIKSCAF\KWIKSCAF2013-14-11-2013\64BIT\KWIKSCAF\KWIKSCAF2007\X64\DEBUG\ENTITY.OBJ
D:\2013\PROJECTS\KWIKSCAF\KWIKSCAF2013-14-11-2013\64BIT\KWIKSCAF\KWIKSCAF2007\X64\DEBUG\ENTITYDEBUGGER.OBJ
D:\2013\PROJECTS\KWIKSCAF\KWIKSCAF2013-14-11-2013\64BIT\KWIKSCAF\KWIKSCAF2007\X64\DEBUG\ENTITYREACTOR.OBJ
D:\2013\PROJECTS\KWIKSCAF\KWIKSCAF2013-14-11-2013\64BIT\KWIKSCAF\KWIKSCAF2007\X64\DEBUG\FONTCOMBO.OBJ
D:\2013\PROJECTS\KWIKSCAF\KWIKSCAF2013-14-11-2013\64BIT\KWIKSCAF\KWIKSCAF2007\X64\DEBUG\FREETIETUBE.OBJ
D:\2013\PROJECTS\KWIKSCAF\KWIKSCAF2013-14-11-2013\64BIT\KWIKSCAF\KWIKSCAF2007\X64\DEBUG\GRAPHICTYPES.OBJ
D:\2013\PROJECTS\KWIKSCAF\KWIKSCAF2013-14-11-2013\64BIT\KWIKSCAF\KWIKSCAF2007\X64\DEBUG\HELPABOUTDLG.OBJ
D:\2013\PROJECTS\KWIKSCAF\KWIKSCAF2013-14-11-2013\64BIT\KWIKSCAF\KWIKSCAF2007\X64\DEBUG\JOBDESCRIPTIONINFO.OBJ
D:\2013\PROJECTS\KWIKSCAF\KWIKSCAF2013-14-11-2013\64BIT\KWIKSCAF\KWIKSCAF2007\X64\DEBUG\JOBDETAILSDIALOG.OBJ
D:\2013\PROJECTS\KWIKSCAF\KWIKSCAF2013-14-11-2013\64BIT\KWIKSCAF\KWIKSCAF2007\X64\DEBUG\KWIK3DPOLYGONMESH.OBJ
D:\2013\PROJECTS\KWIKSCAF\KWIKSCAF2013-14-11-2013\64BIT\KWIKSCAF\KWIKSCAF2007\X64\DEBUG\KWIKSCAF2007.OBJ
D:\2013\PROJECTS\KWIKSCAF\KWIKSCAF2013-14-11-2013\64BIT\KWIKSCAF\KWIKSCAF2007\X64\DEBUG\KWIKSCAF2007.RES
D:\2013\PROJECTS\KWIKSCAF\KWIKSCAF2013-14-11-2013\64BIT\KWIKSCAF\KWIKSCAF2007\X64\DEBUG\KWIKSCAF2013.PCH
D:\2013\Projects\Kwikscaf\KwikScaf2013-14-11-2013\64Bit\KwikScaf\KwikScaf2007\x64\Debug\KwikScaf2013.write.1.tlog
D:\2013\PROJECTS\KWIKSCAF\KWIKSCAF2013-14-11-2013\64BIT\KWIKSCAF\KWIKSCAF2007\X64\DEBUG\KWIKSCAFBUTTON.OBJ
D:\2013\PROJECTS\KWIKSCAF\KWIKSCAF2013-14-11-2013\64BIT\KWIKSCAF\KWIKSCAF2007\X64\DEBUG\KWIKSCAFCOLOURS.OBJ
D:\2013\PROJECTS\KWIKSCAF\KWIKSCAF2013-14-11-2013\64BIT\KWIKSCAF\KWIKSCAF2007\X64\DEBUG\KWIKSCAFCOMPONENTEDITOR.OBJ
D:\2013\PROJECTS\KWIKSCAF\KWIKSCAF2013-14-11-2013\64BIT\KWIKSCAF\KWIKSCAF2007\X64\DEBUG\KWIKSCAFDIALOG.OBJ
D:\2013\PROJECTS\KWIKSCAF\KWIKSCAF2013-14-11-2013\64BIT\KWIKSCAF\KWIKSCAF2007\X64\DEBUG\KWIKSCAFPROGRESSDLG.OBJ
D:\2013\PROJECTS\KWIKSCAF\KWIKSCAF2013-14-11-2013\64BIT\KWIKSCAF\KWIKSCAF2007\X64\DEBUG\LAPBOARDBAY.OBJ
D:\2013\PROJECTS\KWIKSCAF\KWIKSCAF2013-14-11-2013\64BIT\KWIKSCAF\KWIKSCAF2007\X64\DEBUG\LEVELLIST.OBJ
D:\2013\PROJECTS\KWIKSCAF\KWIKSCAF2013-14-11-2013\64BIT\KWIKSCAF\KWIKSCAF2007\X64\DEBUG\LIFT.OBJ
D:\2013\PROJECTS\KWIKSCAF\KWIKSCAF2013-14-11-2013\64BIT\KWIKSCAF\KWIKSCAF2007\X64\DEBUG\LIFTDETAILSDIALOG.OBJ
D:\2013\PROJECTS\KWIKSCAF\KWIKSCAF2013-14-11-2013\64BIT\KWIKSCAF\KWIKSCAF2007\X64\DEBUG\LIFTLIST.OBJ
D:\2013\PROJECTS\KWIKSCAF\KWIKSCAF2013-14-11-2013\64BIT\KWIKSCAF\KWIKSCAF2007\X64\DEBUG\LINE.OBJ
D:\2013\Projects\Kwikscaf\KwikScaf2013-14-11-2013\64Bit\KwikScaf\KwikScaf2007\x64\Debug\link.command.1.tlog
D:\2013\Projects\Kwikscaf\KwikScaf2013-14-11-2013\64Bit\KwikScaf\KwikScaf2007\x64\Debug\link.read.1.tlog
D:\2013\Projects\Kwikscaf\KwikScaf2013-14-11-2013\64Bit\KwikScaf\KwikScaf2007\x64\Debug\link.write.1.tlog
D:\2013\Projects\Kwikscaf\KwikScaf2013-14-11-2013\64Bit\KwikScaf\KwikScaf2007\x64\Debug\link-cvtres.read.1.tlog
D:\2013\Projects\Kwikscaf\KwikScaf2013-14-11-2013\64Bit\KwikScaf\KwikScaf2007\x64\Debug\link-cvtres.write.1.tlog
D:\2013\PROJECTS\KWIKSCAF\KWIKSCAF2013-14-11-2013\64BIT\KWIKSCAF\KWIKSCAF2007\X64\DEBUG\LISTCTRLPRINT.OBJ
D:\2013\PROJECTS\KWIKSCAF\KWIKSCAF2013-14-11-2013\64BIT\KWIKSCAF\KWIKSCAF2007\X64\DEBUG\LISTPRINTPAGE1.OBJ
D:\2013\PROJECTS\KWIKSCAF\KWIKSCAF2013-14-11-2013\64BIT\KWIKSCAF\KWIKSCAF2007\X64\DEBUG\LISTPRINTPAGE2.OBJ
D:\2013\PROJECTS\KWIKSCAF\KWIKSCAF2013-14-11-2013\64BIT\KWIKSCAF\KWIKSCAF2007\X64\DEBUG\LISTPRINTSETUP.OBJ
D:\2013\PROJECTS\KWIKSCAF\KWIKSCAF2013-14-11-2013\64BIT\KWIKSCAF\KWIKSCAF2007\X64\DEBUG\MATRIX.OBJ
D:\2013\PROJECTS\KWIKSCAF\KWIKSCAF2013-14-11-2013\64BIT\KWIKSCAF\KWIKSCAF2007\X64\DEBUG\MATRIXELEMENT.OBJ
D:\2013\PROJECTS\KWIKSCAF\KWIKSCAF2013-14-11-2013\64BIT\KWIKSCAF\KWIKSCAF2007\X64\DEBUG\MDIAWARE.OBJ
D:\2013\PROJECTS\KWIKSCAF\KWIKSCAF2013-14-11-2013\64BIT\KWIKSCAF\KWIKSCAF2007\X64\DEBUG\MILLSSYSTEMBAYEDITOR.OBJ
D:\2013\PROJECTS\KWIKSCAF\KWIKSCAF2013-14-11-2013\64BIT\KWIKSCAF\KWIKSCAF2007\X64\DEBUG\OBJECTPOSITION.OBJ
D:\2013\PROJECTS\KWIKSCAF\KWIKSCAF2013-14-11-2013\64BIT\KWIKSCAF\KWIKSCAF2007\X64\DEBUG\PERROLLDIALOG.OBJ
D:\2013\PROJECTS\KWIKSCAF\KWIKSCAF2013-14-11-2013\64BIT\KWIKSCAF\KWIKSCAF2007\X64\DEBUG\PREVIEWTEMPLATE.OBJ
D:\2013\PROJECTS\KWIKSCAF\KWIKSCAF2013-14-11-2013\64BIT\KWIKSCAF\KWIKSCAF2007\X64\DEBUG\PRINTERJOB.OBJ
D:\2013\PROJECTS\KWIKSCAF\KWIKSCAF2013-14-11-2013\64BIT\KWIKSCAF\KWIKSCAF2007\X64\DEBUG\PRINTSTATUS.OBJ
D:\2013\Projects\Kwikscaf\KwikScaf2013-14-11-2013\64Bit\KwikScaf\KwikScaf2007\x64\Debug\rc.command.1.tlog
D:\2013\Projects\Kwikscaf\KwikScaf2013-14-11-2013\64Bit\KwikScaf\KwikScaf2007\x64\Debug\rc.read.1.tlog
D:\2013\Projects\Kwikscaf\KwikScaf2013-14-11-2013\64Bit\KwikScaf\KwikScaf2007\x64\Debug\rc.write.1.tlog
D:\2013\PROJECTS\KWIKSCAF\KWIKSCAF2013-14-11-2013\64BIT\KWIKSCAF\KWIKSCAF2007\X64\DEBUG\RUN.OBJ
D:\2013\PROJECTS\KWIKSCAF\KWIKSCAF2013-14-11-2013\64BIT\KWIKSCAF\KWIKSCAF2007\X64\DEBUG\RUNPROPDIALOG.OBJ
D:\2013\PROJECTS\KWIKSCAF\KWIKSCAF2013-14-11-2013\64BIT\KWIKSCAF\KWIKSCAF2007\X64\DEBUG\SCAFFOLDARCHIVE.OBJ
D:\2013\PROJECTS\KWIKSCAF\KWIKSCAF2013-14-11-2013\64BIT\KWIKSCAF\KWIKSCAF2007\X64\DEBUG\SETSTAGESDLG.OBJ
D:\2013\PROJECTS\KWIKSCAF\KWIKSCAF2013-14-11-2013\64BIT\KWIKSCAF\KWIKSCAF2007\X64\DEBUG\SHKINTERFACE.OBJ
D:\2013\PROJECTS\KWIKSCAF\KWIKSCAF2013-14-11-2013\64BIT\KWIKSCAF\KWIKSCAF2007\X64\DEBUG\SHOWCOMPONENTTYPEDIALOG.OBJ
D:\2013\PROJECTS\KWIKSCAF\KWIKSCAF2013-14-11-2013\64BIT\KWIKSCAF\KWIKSCAF2007\X64\DEBUG\STAGELEVELSHOWHIDEDLG.OBJ
D:\2013\PROJECTS\KWIKSCAF\KWIKSCAF2013-14-11-2013\64BIT\KWIKSCAF\KWIKSCAF2007\X64\DEBUG\STAGELEVELVISIBLE.OBJ
D:\2013\PROJECTS\KWIKSCAF\KWIKSCAF2013-14-11-2013\64BIT\KWIKSCAF\KWIKSCAF2007\X64\DEBUG\STANDARDHEIGHTPICKERDIALOG.OBJ
D:\2013\PROJECTS\KWIKSCAF\KWIKSCAF2013-14-11-2013\64BIT\KWIKSCAF\KWIKSCAF2007\X64\DEBUG\STDAFX.OBJ
D:\2013\PROJECTS\KWIKSCAF\KWIKSCAF2013-14-11-2013\64BIT\KWIKSCAF\KWIKSCAF2007\X64\DEBUG\STOCKLISTELEMENT.OBJ
D:\2013\PROJECTS\KWIKSCAF\KWIKSCAF2013-14-11-2013\64BIT\KWIKSCAF\KWIKSCAF2007\X64\DEBUG\SUMMARYELEMENT.OBJ
D:\2013\PROJECTS\KWIKSCAF\KWIKSCAF2013-14-11-2013\64BIT\KWIKSCAF\KWIKSCAF2007\X64\DEBUG\SUMMARYINFO.OBJ
D:\2013\PROJECTS\KWIKSCAF\KWIKSCAF2013-14-11-2013\64BIT\KWIKSCAF\KWIKSCAF2007\X64\DEBUG\VC100.PDB
D:\2013\PROJECTS\KWIKSCAF\KWIKSCAF2013-14-11-2013\64BIT\KWIKSCAF\KWIKSCAF2007\X64\DEBUG\VISUALCOMPONENTS.OBJ
D:\2013\Projects\Kwikscaf\KwikScaf2013-14-11-2013\64Bit\KwikScaf\x64\Debug\KwikScaf2013.pdb
