D:\2013\Projects\Kwikscaf\KwikScaf2014-29-10-2013\64Bit\KwikScaf2014-29-10-2013\KwikScaf2007\x64\Debug\acrxEntryPoint.obj
D:\2013\Projects\Kwikscaf\KwikScaf2014-29-10-2013\64Bit\KwikScaf2014-29-10-2013\KwikScaf2007\x64\Debug\AssignStageDialog.obj
D:\2013\Projects\Kwikscaf\KwikScaf2014-29-10-2013\64Bit\KwikScaf2014-29-10-2013\KwikScaf2007\x64\Debug\AutobuildDialog.obj
D:\2013\Projects\Kwikscaf\KwikScaf2014-29-10-2013\64Bit\KwikScaf2014-29-10-2013\KwikScaf2007\x64\Debug\AutobuildPropertiesToolbar.obj
D:\2013\Projects\Kwikscaf\KwikScaf2014-29-10-2013\64Bit\KwikScaf2014-29-10-2013\KwikScaf2007\x64\Debug\AutobuildPropertiesWnd.obj
D:\2013\Projects\Kwikscaf\KwikScaf2014-29-10-2013\64Bit\KwikScaf2014-29-10-2013\KwikScaf2007\x64\Debug\AutobuildToolbar.obj
D:\2013\Projects\Kwikscaf\KwikScaf2014-29-10-2013\64Bit\KwikScaf2014-29-10-2013\KwikScaf2007\x64\Debug\AutoBuildTools.obj
D:\2013\Projects\Kwikscaf\KwikScaf2014-29-10-2013\64Bit\KwikScaf2014-29-10-2013\KwikScaf2007\x64\Debug\Bay.obj
D:\2013\Projects\Kwikscaf\KwikScaf2014-29-10-2013\64Bit\KwikScaf2014-29-10-2013\KwikScaf2007\x64\Debug\BayDetailsDialog.obj
D:\2013\Projects\Kwikscaf\KwikScaf2014-29-10-2013\64Bit\KwikScaf2014-29-10-2013\KwikScaf2007\x64\Debug\BayPropertiesToolbar.obj
D:\2013\Projects\Kwikscaf\KwikScaf2014-29-10-2013\64Bit\KwikScaf2014-29-10-2013\KwikScaf2007\x64\Debug\BayPropToolbarWnd.obj
D:\2013\Projects\Kwikscaf\KwikScaf2014-29-10-2013\64Bit\KwikScaf2014-29-10-2013\KwikScaf2007\x64\Debug\BayStageLevel.obj
D:\2013\Projects\Kwikscaf\KwikScaf2014-29-10-2013\64Bit\KwikScaf2014-29-10-2013\KwikScaf2007\x64\Debug\BOMExtra.obj
D:\2013\Projects\Kwikscaf\KwikScaf2014-29-10-2013\64Bit\KwikScaf2014-29-10-2013\KwikScaf2007\x64\Debug\BOMSelectionDialog.obj
D:\2013\Projects\Kwikscaf\KwikScaf2014-29-10-2013\64Bit\KwikScaf2014-29-10-2013\KwikScaf2007\x64\Debug\BOMSummaryDialog.obj
D:\2013\Projects\Kwikscaf\KwikScaf2014-29-10-2013\64Bit\KwikScaf2014-29-10-2013\KwikScaf2007\x64\Debug\ChangeRLDlg.obj
D:\2013\Projects\Kwikscaf\KwikScaf2014-29-10-2013\64Bit\KwikScaf2014-29-10-2013\KwikScaf2007\x64\Debug\cl.command.1.tlog
D:\2013\Projects\Kwikscaf\KwikScaf2014-29-10-2013\64Bit\KwikScaf2014-29-10-2013\KwikScaf2007\x64\Debug\CL.read.1.tlog
D:\2013\Projects\Kwikscaf\KwikScaf2014-29-10-2013\64Bit\KwikScaf2014-29-10-2013\KwikScaf2007\x64\Debug\CL.write.1.tlog
D:\2013\Projects\Kwikscaf\KwikScaf2014-29-10-2013\64Bit\KwikScaf2014-29-10-2013\KwikScaf2007\x64\Debug\Component.obj
D:\2013\Projects\Kwikscaf\KwikScaf2014-29-10-2013\64Bit\KwikScaf2014-29-10-2013\KwikScaf2007\x64\Debug\ComponentDetails.obj
D:\2013\Projects\Kwikscaf\KwikScaf2014-29-10-2013\64Bit\KwikScaf2014-29-10-2013\KwikScaf2007\x64\Debug\ComponentEditor.obj
D:\2013\Projects\Kwikscaf\KwikScaf2014-29-10-2013\64Bit\KwikScaf2014-29-10-2013\KwikScaf2007\x64\Debug\componentList.obj
D:\2013\Projects\Kwikscaf\KwikScaf2014-29-10-2013\64Bit\KwikScaf2014-29-10-2013\KwikScaf2007\x64\Debug\ComponentPartNumberSelectorDlg.obj
D:\2013\Projects\Kwikscaf\KwikScaf2014-29-10-2013\64Bit\KwikScaf2014-29-10-2013\KwikScaf2007\x64\Debug\controller.obj
D:\2013\Projects\Kwikscaf\KwikScaf2014-29-10-2013\64Bit\KwikScaf2014-29-10-2013\KwikScaf2007\x64\Debug\CoolButton.obj
D:\2013\Projects\Kwikscaf\KwikScaf2014-29-10-2013\64Bit\KwikScaf2014-29-10-2013\KwikScaf2007\x64\Debug\DocData.obj
D:\2013\Projects\Kwikscaf\KwikScaf2014-29-10-2013\64Bit\KwikScaf2014-29-10-2013\KwikScaf2007\x64\Debug\doubleArray.obj
D:\2013\Projects\Kwikscaf\KwikScaf2014-29-10-2013\64Bit\KwikScaf2014-29-10-2013\KwikScaf2007\x64\Debug\EditStandardsDlg.obj
D:\2013\Projects\Kwikscaf\KwikScaf2014-29-10-2013\64Bit\KwikScaf2014-29-10-2013\KwikScaf2007\x64\Debug\Entity.obj
D:\2013\Projects\Kwikscaf\KwikScaf2014-29-10-2013\64Bit\KwikScaf2014-29-10-2013\KwikScaf2007\x64\Debug\EntityDebugger.obj
D:\2013\Projects\Kwikscaf\KwikScaf2014-29-10-2013\64Bit\KwikScaf2014-29-10-2013\KwikScaf2007\x64\Debug\EntityReactor.obj
D:\2013\Projects\Kwikscaf\KwikScaf2014-29-10-2013\64Bit\KwikScaf2014-29-10-2013\KwikScaf2007\x64\Debug\FontCombo.obj
D:\2013\Projects\Kwikscaf\KwikScaf2014-29-10-2013\64Bit\KwikScaf2014-29-10-2013\KwikScaf2007\x64\Debug\FreeTieTube.obj
D:\2013\Projects\Kwikscaf\KwikScaf2014-29-10-2013\64Bit\KwikScaf2014-29-10-2013\KwikScaf2007\x64\Debug\GraphicTypes.obj
D:\2013\Projects\Kwikscaf\KwikScaf2014-29-10-2013\64Bit\KwikScaf2014-29-10-2013\KwikScaf2007\x64\Debug\HelpAboutDlg.obj
D:\2013\Projects\Kwikscaf\KwikScaf2014-29-10-2013\64Bit\KwikScaf2014-29-10-2013\KwikScaf2007\x64\Debug\JobDescriptionInfo.obj
D:\2013\Projects\Kwikscaf\KwikScaf2014-29-10-2013\64Bit\KwikScaf2014-29-10-2013\KwikScaf2007\x64\Debug\JobDetailsDialog.obj
D:\2013\Projects\Kwikscaf\KwikScaf2014-29-10-2013\64Bit\KwikScaf2014-29-10-2013\KwikScaf2007\x64\Debug\Kwik3DPolygonMesh.obj
D:\2013\Projects\Kwikscaf\KwikScaf2014-29-10-2013\64Bit\KwikScaf2014-29-10-2013\KwikScaf2007\x64\Debug\KwikScaf2007.obj
D:\2013\Projects\Kwikscaf\KwikScaf2014-29-10-2013\64Bit\KwikScaf2014-29-10-2013\KwikScaf2007\x64\Debug\KwikScaf2007.res
D:\2013\Projects\Kwikscaf\KwikScaf2014-29-10-2013\64Bit\KwikScaf2014-29-10-2013\KwikScaf2007\x64\Debug\KwikScaf2014.pch
D:\2013\Projects\Kwikscaf\KwikScaf2014-29-10-2013\64Bit\KwikScaf2014-29-10-2013\KwikScaf2007\x64\Debug\KwikScaf2014.write.1.tlog
D:\2013\Projects\Kwikscaf\KwikScaf2014-29-10-2013\64Bit\KwikScaf2014-29-10-2013\KwikScaf2007\x64\Debug\KwikScafButton.obj
D:\2013\Projects\Kwikscaf\KwikScaf2014-29-10-2013\64Bit\KwikScaf2014-29-10-2013\KwikScaf2007\x64\Debug\KwikScafColours.obj
D:\2013\Projects\Kwikscaf\KwikScaf2014-29-10-2013\64Bit\KwikScaf2014-29-10-2013\KwikScaf2007\x64\Debug\KwikScafComponentEditor.obj
D:\2013\Projects\Kwikscaf\KwikScaf2014-29-10-2013\64Bit\KwikScaf2014-29-10-2013\KwikScaf2007\x64\Debug\KwikscafDialog.obj
D:\2013\Projects\Kwikscaf\KwikScaf2014-29-10-2013\64Bit\KwikScaf2014-29-10-2013\KwikScaf2007\x64\Debug\KwikscafProgressDlg.obj
D:\2013\Projects\Kwikscaf\KwikScaf2014-29-10-2013\64Bit\KwikScaf2014-29-10-2013\KwikScaf2007\x64\Debug\LapboardBay.obj
D:\2013\Projects\Kwikscaf\KwikScaf2014-29-10-2013\64Bit\KwikScaf2014-29-10-2013\KwikScaf2007\x64\Debug\LevelList.obj
D:\2013\Projects\Kwikscaf\KwikScaf2014-29-10-2013\64Bit\KwikScaf2014-29-10-2013\KwikScaf2007\x64\Debug\Lift.obj
D:\2013\Projects\Kwikscaf\KwikScaf2014-29-10-2013\64Bit\KwikScaf2014-29-10-2013\KwikScaf2007\x64\Debug\LiftDetailsDialog.obj
D:\2013\Projects\Kwikscaf\KwikScaf2014-29-10-2013\64Bit\KwikScaf2014-29-10-2013\KwikScaf2007\x64\Debug\LiftList.obj
D:\2013\Projects\Kwikscaf\KwikScaf2014-29-10-2013\64Bit\KwikScaf2014-29-10-2013\KwikScaf2007\x64\Debug\Line.obj
D:\2013\Projects\Kwikscaf\KwikScaf2014-29-10-2013\64Bit\KwikScaf2014-29-10-2013\KwikScaf2007\x64\Debug\link.command.1.tlog
D:\2013\Projects\Kwikscaf\KwikScaf2014-29-10-2013\64Bit\KwikScaf2014-29-10-2013\KwikScaf2007\x64\Debug\link.read.1.tlog
D:\2013\Projects\Kwikscaf\KwikScaf2014-29-10-2013\64Bit\KwikScaf2014-29-10-2013\KwikScaf2007\x64\Debug\link.write.1.tlog
D:\2013\Projects\Kwikscaf\KwikScaf2014-29-10-2013\64Bit\KwikScaf2014-29-10-2013\KwikScaf2007\x64\Debug\link-cvtres.read.1.tlog
D:\2013\Projects\Kwikscaf\KwikScaf2014-29-10-2013\64Bit\KwikScaf2014-29-10-2013\KwikScaf2007\x64\Debug\link-cvtres.write.1.tlog
D:\2013\Projects\Kwikscaf\KwikScaf2014-29-10-2013\64Bit\KwikScaf2014-29-10-2013\KwikScaf2007\x64\Debug\ListCtrlPrint.obj
D:\2013\Projects\Kwikscaf\KwikScaf2014-29-10-2013\64Bit\KwikScaf2014-29-10-2013\KwikScaf2007\x64\Debug\ListPrintPage1.obj
D:\2013\Projects\Kwikscaf\KwikScaf2014-29-10-2013\64Bit\KwikScaf2014-29-10-2013\KwikScaf2007\x64\Debug\ListPrintPage2.obj
D:\2013\Projects\Kwikscaf\KwikScaf2014-29-10-2013\64Bit\KwikScaf2014-29-10-2013\KwikScaf2007\x64\Debug\ListPrintSetup.obj
D:\2013\Projects\Kwikscaf\KwikScaf2014-29-10-2013\64Bit\KwikScaf2014-29-10-2013\KwikScaf2007\x64\Debug\Matrix.obj
D:\2013\Projects\Kwikscaf\KwikScaf2014-29-10-2013\64Bit\KwikScaf2014-29-10-2013\KwikScaf2007\x64\Debug\MatrixElement.obj
D:\2013\Projects\Kwikscaf\KwikScaf2014-29-10-2013\64Bit\KwikScaf2014-29-10-2013\KwikScaf2007\x64\Debug\MdiAware.obj
D:\2013\Projects\Kwikscaf\KwikScaf2014-29-10-2013\64Bit\KwikScaf2014-29-10-2013\KwikScaf2007\x64\Debug\MillsSystemBayEditor.obj
D:\2013\Projects\Kwikscaf\KwikScaf2014-29-10-2013\64Bit\KwikScaf2014-29-10-2013\KwikScaf2007\x64\Debug\ObjectPosition.obj
D:\2013\Projects\Kwikscaf\KwikScaf2014-29-10-2013\64Bit\KwikScaf2014-29-10-2013\KwikScaf2007\x64\Debug\PerRollDialog.obj
D:\2013\Projects\Kwikscaf\KwikScaf2014-29-10-2013\64Bit\KwikScaf2014-29-10-2013\KwikScaf2007\x64\Debug\PreviewTemplate.obj
D:\2013\Projects\Kwikscaf\KwikScaf2014-29-10-2013\64Bit\KwikScaf2014-29-10-2013\KwikScaf2007\x64\Debug\PrinterJob.obj
D:\2013\Projects\Kwikscaf\KwikScaf2014-29-10-2013\64Bit\KwikScaf2014-29-10-2013\KwikScaf2007\x64\Debug\PrintStatus.obj
D:\2013\Projects\Kwikscaf\KwikScaf2014-29-10-2013\64Bit\KwikScaf2014-29-10-2013\KwikScaf2007\x64\Debug\rc.command.1.tlog
D:\2013\Projects\Kwikscaf\KwikScaf2014-29-10-2013\64Bit\KwikScaf2014-29-10-2013\KwikScaf2007\x64\Debug\rc.read.1.tlog
D:\2013\Projects\Kwikscaf\KwikScaf2014-29-10-2013\64Bit\KwikScaf2014-29-10-2013\KwikScaf2007\x64\Debug\rc.write.1.tlog
D:\2013\Projects\Kwikscaf\KwikScaf2014-29-10-2013\64Bit\KwikScaf2014-29-10-2013\KwikScaf2007\x64\Debug\Run.obj
D:\2013\Projects\Kwikscaf\KwikScaf2014-29-10-2013\64Bit\KwikScaf2014-29-10-2013\KwikScaf2007\x64\Debug\RunPropDialog.obj
D:\2013\Projects\Kwikscaf\KwikScaf2014-29-10-2013\64Bit\KwikScaf2014-29-10-2013\KwikScaf2007\x64\Debug\ScaffoldArchive.obj
D:\2013\Projects\Kwikscaf\KwikScaf2014-29-10-2013\64Bit\KwikScaf2014-29-10-2013\KwikScaf2007\x64\Debug\SetStagesDlg.obj
D:\2013\Projects\Kwikscaf\KwikScaf2014-29-10-2013\64Bit\KwikScaf2014-29-10-2013\KwikScaf2007\x64\Debug\SHKInterface.obj
D:\2013\Projects\Kwikscaf\KwikScaf2014-29-10-2013\64Bit\KwikScaf2014-29-10-2013\KwikScaf2007\x64\Debug\ShowComponentTypeDialog.obj
D:\2013\Projects\Kwikscaf\KwikScaf2014-29-10-2013\64Bit\KwikScaf2014-29-10-2013\KwikScaf2007\x64\Debug\StageLevelShowHideDlg.obj
D:\2013\Projects\Kwikscaf\KwikScaf2014-29-10-2013\64Bit\KwikScaf2014-29-10-2013\KwikScaf2007\x64\Debug\StageLevelVisible.obj
D:\2013\Projects\Kwikscaf\KwikScaf2014-29-10-2013\64Bit\KwikScaf2014-29-10-2013\KwikScaf2007\x64\Debug\StandardHeightPickerDialog.obj
D:\2013\Projects\Kwikscaf\KwikScaf2014-29-10-2013\64Bit\KwikScaf2014-29-10-2013\KwikScaf2007\x64\Debug\StdAfx.obj
D:\2013\Projects\Kwikscaf\KwikScaf2014-29-10-2013\64Bit\KwikScaf2014-29-10-2013\KwikScaf2007\x64\Debug\StockListElement.obj
D:\2013\Projects\Kwikscaf\KwikScaf2014-29-10-2013\64Bit\KwikScaf2014-29-10-2013\KwikScaf2007\x64\Debug\SummaryElement.obj
D:\2013\Projects\Kwikscaf\KwikScaf2014-29-10-2013\64Bit\KwikScaf2014-29-10-2013\KwikScaf2007\x64\Debug\SummaryInfo.obj
D:\2013\Projects\Kwikscaf\KwikScaf2014-29-10-2013\64Bit\KwikScaf2014-29-10-2013\KwikScaf2007\x64\Debug\vc100.pdb
D:\2013\Projects\Kwikscaf\KwikScaf2014-29-10-2013\64Bit\KwikScaf2014-29-10-2013\KwikScaf2007\x64\Debug\VisualComponents.obj
D:\2013\Projects\Kwikscaf\KwikScaf2014-29-10-2013\64Bit\KwikScaf2014-29-10-2013\x64\Debug\KwikScaf2014.arx
D:\2013\Projects\Kwikscaf\KwikScaf2014-29-10-2013\64Bit\KwikScaf2014-29-10-2013\x64\Debug\KwikScaf2014.ilk
D:\2013\Projects\Kwikscaf\KwikScaf2014-29-10-2013\64Bit\KwikScaf2014-29-10-2013\x64\Debug\KwikScaf2014.pdb
D:\2013\PROJECTS\KWIKSCAF\KWIKSCAF2014-29-10-2013\KWIKSCAF2007\X64\DEBUG\ACRXENTRYPOINT.OBJ
D:\2013\PROJECTS\KWIKSCAF\KWIKSCAF2014-29-10-2013\KWIKSCAF2007\X64\DEBUG\ASSIGNSTAGEDIALOG.OBJ
D:\2013\PROJECTS\KWIKSCAF\KWIKSCAF2014-29-10-2013\KWIKSCAF2007\X64\DEBUG\AUTOBUILDDIALOG.OBJ
D:\2013\PROJECTS\KWIKSCAF\KWIKSCAF2014-29-10-2013\KWIKSCAF2007\X64\DEBUG\AUTOBUILDPROPERTIESTOOLBAR.OBJ
D:\2013\PROJECTS\KWIKSCAF\KWIKSCAF2014-29-10-2013\KWIKSCAF2007\X64\DEBUG\AUTOBUILDPROPERTIESWND.OBJ
D:\2013\PROJECTS\KWIKSCAF\KWIKSCAF2014-29-10-2013\KWIKSCAF2007\X64\DEBUG\AUTOBUILDTOOLBAR.OBJ
D:\2013\PROJECTS\KWIKSCAF\KWIKSCAF2014-29-10-2013\KWIKSCAF2007\X64\DEBUG\AUTOBUILDTOOLS.OBJ
D:\2013\PROJECTS\KWIKSCAF\KWIKSCAF2014-29-10-2013\KWIKSCAF2007\X64\DEBUG\BAY.OBJ
D:\2013\PROJECTS\KWIKSCAF\KWIKSCAF2014-29-10-2013\KWIKSCAF2007\X64\DEBUG\BAYDETAILSDIALOG.OBJ
D:\2013\PROJECTS\KWIKSCAF\KWIKSCAF2014-29-10-2013\KWIKSCAF2007\X64\DEBUG\BAYPROPERTIESTOOLBAR.OBJ
D:\2013\PROJECTS\KWIKSCAF\KWIKSCAF2014-29-10-2013\KWIKSCAF2007\X64\DEBUG\BAYPROPTOOLBARWND.OBJ
D:\2013\PROJECTS\KWIKSCAF\KWIKSCAF2014-29-10-2013\KWIKSCAF2007\X64\DEBUG\BAYSTAGELEVEL.OBJ
D:\2013\PROJECTS\KWIKSCAF\KWIKSCAF2014-29-10-2013\KWIKSCAF2007\X64\DEBUG\BOMEXTRA.OBJ
D:\2013\PROJECTS\KWIKSCAF\KWIKSCAF2014-29-10-2013\KWIKSCAF2007\X64\DEBUG\BOMSELECTIONDIALOG.OBJ
D:\2013\PROJECTS\KWIKSCAF\KWIKSCAF2014-29-10-2013\KWIKSCAF2007\X64\DEBUG\BOMSUMMARYDIALOG.OBJ
D:\2013\PROJECTS\KWIKSCAF\KWIKSCAF2014-29-10-2013\KWIKSCAF2007\X64\DEBUG\CHANGERLDLG.OBJ
D:\2013\PROJECTS\KWIKSCAF\KWIKSCAF2014-29-10-2013\KWIKSCAF2007\X64\DEBUG\COMPONENT.OBJ
D:\2013\PROJECTS\KWIKSCAF\KWIKSCAF2014-29-10-2013\KWIKSCAF2007\X64\DEBUG\COMPONENTDETAILS.OBJ
D:\2013\PROJECTS\KWIKSCAF\KWIKSCAF2014-29-10-2013\KWIKSCAF2007\X64\DEBUG\COMPONENTEDITOR.OBJ
D:\2013\PROJECTS\KWIKSCAF\KWIKSCAF2014-29-10-2013\KWIKSCAF2007\X64\DEBUG\COMPONENTLIST.OBJ
D:\2013\PROJECTS\KWIKSCAF\KWIKSCAF2014-29-10-2013\KWIKSCAF2007\X64\DEBUG\COMPONENTPARTNUMBERSELECTORDLG.OBJ
D:\2013\PROJECTS\KWIKSCAF\KWIKSCAF2014-29-10-2013\KWIKSCAF2007\X64\DEBUG\CONTROLLER.OBJ
D:\2013\PROJECTS\KWIKSCAF\KWIKSCAF2014-29-10-2013\KWIKSCAF2007\X64\DEBUG\COOLBUTTON.OBJ
D:\2013\PROJECTS\KWIKSCAF\KWIKSCAF2014-29-10-2013\KWIKSCAF2007\X64\DEBUG\DOCDATA.OBJ
D:\2013\PROJECTS\KWIKSCAF\KWIKSCAF2014-29-10-2013\KWIKSCAF2007\X64\DEBUG\DOUBLEARRAY.OBJ
D:\2013\PROJECTS\KWIKSCAF\KWIKSCAF2014-29-10-2013\KWIKSCAF2007\X64\DEBUG\EDITSTANDARDSDLG.OBJ
D:\2013\PROJECTS\KWIKSCAF\KWIKSCAF2014-29-10-2013\KWIKSCAF2007\X64\DEBUG\ENTITY.OBJ
D:\2013\PROJECTS\KWIKSCAF\KWIKSCAF2014-29-10-2013\KWIKSCAF2007\X64\DEBUG\ENTITYDEBUGGER.OBJ
D:\2013\PROJECTS\KWIKSCAF\KWIKSCAF2014-29-10-2013\KWIKSCAF2007\X64\DEBUG\ENTITYREACTOR.OBJ
D:\2013\PROJECTS\KWIKSCAF\KWIKSCAF2014-29-10-2013\KWIKSCAF2007\X64\DEBUG\FONTCOMBO.OBJ
D:\2013\PROJECTS\KWIKSCAF\KWIKSCAF2014-29-10-2013\KWIKSCAF2007\X64\DEBUG\FREETIETUBE.OBJ
D:\2013\PROJECTS\KWIKSCAF\KWIKSCAF2014-29-10-2013\KWIKSCAF2007\X64\DEBUG\GRAPHICTYPES.OBJ
D:\2013\PROJECTS\KWIKSCAF\KWIKSCAF2014-29-10-2013\KWIKSCAF2007\X64\DEBUG\HELPABOUTDLG.OBJ
D:\2013\PROJECTS\KWIKSCAF\KWIKSCAF2014-29-10-2013\KWIKSCAF2007\X64\DEBUG\JOBDESCRIPTIONINFO.OBJ
D:\2013\PROJECTS\KWIKSCAF\KWIKSCAF2014-29-10-2013\KWIKSCAF2007\X64\DEBUG\JOBDETAILSDIALOG.OBJ
D:\2013\PROJECTS\KWIKSCAF\KWIKSCAF2014-29-10-2013\KWIKSCAF2007\X64\DEBUG\KWIK3DPOLYGONMESH.OBJ
D:\2013\PROJECTS\KWIKSCAF\KWIKSCAF2014-29-10-2013\KWIKSCAF2007\X64\DEBUG\KWIKSCAF2007.OBJ
D:\2013\PROJECTS\KWIKSCAF\KWIKSCAF2014-29-10-2013\KWIKSCAF2007\X64\DEBUG\KWIKSCAF2007.RES
D:\2013\PROJECTS\KWIKSCAF\KWIKSCAF2014-29-10-2013\KWIKSCAF2007\X64\DEBUG\KWIKSCAF2014.PCH
D:\2013\PROJECTS\KWIKSCAF\KWIKSCAF2014-29-10-2013\KWIKSCAF2007\X64\DEBUG\KWIKSCAFBUTTON.OBJ
D:\2013\PROJECTS\KWIKSCAF\KWIKSCAF2014-29-10-2013\KWIKSCAF2007\X64\DEBUG\KWIKSCAFCOLOURS.OBJ
D:\2013\PROJECTS\KWIKSCAF\KWIKSCAF2014-29-10-2013\KWIKSCAF2007\X64\DEBUG\KWIKSCAFCOMPONENTEDITOR.OBJ
D:\2013\PROJECTS\KWIKSCAF\KWIKSCAF2014-29-10-2013\KWIKSCAF2007\X64\DEBUG\KWIKSCAFDIALOG.OBJ
D:\2013\PROJECTS\KWIKSCAF\KWIKSCAF2014-29-10-2013\KWIKSCAF2007\X64\DEBUG\KWIKSCAFPROGRESSDLG.OBJ
D:\2013\PROJECTS\KWIKSCAF\KWIKSCAF2014-29-10-2013\KWIKSCAF2007\X64\DEBUG\LAPBOARDBAY.OBJ
D:\2013\PROJECTS\KWIKSCAF\KWIKSCAF2014-29-10-2013\KWIKSCAF2007\X64\DEBUG\LEVELLIST.OBJ
D:\2013\PROJECTS\KWIKSCAF\KWIKSCAF2014-29-10-2013\KWIKSCAF2007\X64\DEBUG\LIFT.OBJ
D:\2013\PROJECTS\KWIKSCAF\KWIKSCAF2014-29-10-2013\KWIKSCAF2007\X64\DEBUG\LIFTDETAILSDIALOG.OBJ
D:\2013\PROJECTS\KWIKSCAF\KWIKSCAF2014-29-10-2013\KWIKSCAF2007\X64\DEBUG\LIFTLIST.OBJ
D:\2013\PROJECTS\KWIKSCAF\KWIKSCAF2014-29-10-2013\KWIKSCAF2007\X64\DEBUG\LINE.OBJ
D:\2013\PROJECTS\KWIKSCAF\KWIKSCAF2014-29-10-2013\KWIKSCAF2007\X64\DEBUG\LISTCTRLPRINT.OBJ
D:\2013\PROJECTS\KWIKSCAF\KWIKSCAF2014-29-10-2013\KWIKSCAF2007\X64\DEBUG\LISTPRINTPAGE1.OBJ
D:\2013\PROJECTS\KWIKSCAF\KWIKSCAF2014-29-10-2013\KWIKSCAF2007\X64\DEBUG\LISTPRINTPAGE2.OBJ
D:\2013\PROJECTS\KWIKSCAF\KWIKSCAF2014-29-10-2013\KWIKSCAF2007\X64\DEBUG\LISTPRINTSETUP.OBJ
D:\2013\PROJECTS\KWIKSCAF\KWIKSCAF2014-29-10-2013\KWIKSCAF2007\X64\DEBUG\MATRIX.OBJ
D:\2013\PROJECTS\KWIKSCAF\KWIKSCAF2014-29-10-2013\KWIKSCAF2007\X64\DEBUG\MATRIXELEMENT.OBJ
D:\2013\PROJECTS\KWIKSCAF\KWIKSCAF2014-29-10-2013\KWIKSCAF2007\X64\DEBUG\MDIAWARE.OBJ
D:\2013\PROJECTS\KWIKSCAF\KWIKSCAF2014-29-10-2013\KWIKSCAF2007\X64\DEBUG\MILLSSYSTEMBAYEDITOR.OBJ
D:\2013\PROJECTS\KWIKSCAF\KWIKSCAF2014-29-10-2013\KWIKSCAF2007\X64\DEBUG\OBJECTPOSITION.OBJ
D:\2013\PROJECTS\KWIKSCAF\KWIKSCAF2014-29-10-2013\KWIKSCAF2007\X64\DEBUG\PERROLLDIALOG.OBJ
D:\2013\PROJECTS\KWIKSCAF\KWIKSCAF2014-29-10-2013\KWIKSCAF2007\X64\DEBUG\PREVIEWTEMPLATE.OBJ
D:\2013\PROJECTS\KWIKSCAF\KWIKSCAF2014-29-10-2013\KWIKSCAF2007\X64\DEBUG\PRINTERJOB.OBJ
D:\2013\PROJECTS\KWIKSCAF\KWIKSCAF2014-29-10-2013\KWIKSCAF2007\X64\DEBUG\PRINTSTATUS.OBJ
D:\2013\PROJECTS\KWIKSCAF\KWIKSCAF2014-29-10-2013\KWIKSCAF2007\X64\DEBUG\RUN.OBJ
D:\2013\PROJECTS\KWIKSCAF\KWIKSCAF2014-29-10-2013\KWIKSCAF2007\X64\DEBUG\RUNPROPDIALOG.OBJ
D:\2013\PROJECTS\KWIKSCAF\KWIKSCAF2014-29-10-2013\KWIKSCAF2007\X64\DEBUG\SCAFFOLDARCHIVE.OBJ
D:\2013\PROJECTS\KWIKSCAF\KWIKSCAF2014-29-10-2013\KWIKSCAF2007\X64\DEBUG\SETSTAGESDLG.OBJ
D:\2013\PROJECTS\KWIKSCAF\KWIKSCAF2014-29-10-2013\KWIKSCAF2007\X64\DEBUG\SHKINTERFACE.OBJ
D:\2013\PROJECTS\KWIKSCAF\KWIKSCAF2014-29-10-2013\KWIKSCAF2007\X64\DEBUG\SHOWCOMPONENTTYPEDIALOG.OBJ
D:\2013\PROJECTS\KWIKSCAF\KWIKSCAF2014-29-10-2013\KWIKSCAF2007\X64\DEBUG\STAGELEVELSHOWHIDEDLG.OBJ
D:\2013\PROJECTS\KWIKSCAF\KWIKSCAF2014-29-10-2013\KWIKSCAF2007\X64\DEBUG\STAGELEVELVISIBLE.OBJ
D:\2013\PROJECTS\KWIKSCAF\KWIKSCAF2014-29-10-2013\KWIKSCAF2007\X64\DEBUG\STANDARDHEIGHTPICKERDIALOG.OBJ
D:\2013\PROJECTS\KWIKSCAF\KWIKSCAF2014-29-10-2013\KWIKSCAF2007\X64\DEBUG\STDAFX.OBJ
D:\2013\PROJECTS\KWIKSCAF\KWIKSCAF2014-29-10-2013\KWIKSCAF2007\X64\DEBUG\STOCKLISTELEMENT.OBJ
D:\2013\PROJECTS\KWIKSCAF\KWIKSCAF2014-29-10-2013\KWIKSCAF2007\X64\DEBUG\SUMMARYELEMENT.OBJ
D:\2013\PROJECTS\KWIKSCAF\KWIKSCAF2014-29-10-2013\KWIKSCAF2007\X64\DEBUG\SUMMARYINFO.OBJ
D:\2013\PROJECTS\KWIKSCAF\KWIKSCAF2014-29-10-2013\KWIKSCAF2007\X64\DEBUG\VC100.PDB
D:\2013\PROJECTS\KWIKSCAF\KWIKSCAF2014-29-10-2013\KWIKSCAF2007\X64\DEBUG\VISUALCOMPONENTS.OBJ
D:\2013\PROJECTS\KWIKSCAF\KWIKSCAF2014-29-10-2013\X64\DEBUG\KWIKSCAF2014.ARX
D:\2013\Projects\Kwikscaf\KwikScaf2014-29-10-2013\x64\Debug\KwikScaf2014.exp
D:\2013\PROJECTS\KWIKSCAF\KWIKSCAF2014-29-10-2013\X64\DEBUG\KWIKSCAF2014.ILK
D:\2013\Projects\Kwikscaf\KwikScaf2014-29-10-2013\x64\Debug\KwikScaf2014.lib
D:\2013\PROJECTS\KWIKSCAF\KWIKSCAF2014-29-10-2013\X64\DEBUG\KWIKSCAF2014.PDB
